<?xml version="1.0" encoding="UTF-8"?>
<testsuite xmlns:xsi="http://www.w3.org/2001/XMLSchema-instance" xsi:noNamespaceSchemaLocation="https://maven.apache.org/surefire/maven-surefire-plugin/xsd/surefire-test-report-3.0.xsd" version="3.0" name="org.hibernate.community.dialect.test.LargeTextFieldsTest" time="0.307" tests="1" errors="0" skipped="0" failures="0">
  <properties>
[...]
</properties>
  <testcase name="testLargeTextFields" classname="org.hibernate.community.dialect.test.LargeTextFieldsTest" time="0.29">
    <system-out><![CDATA[Hibernate: 
    /* insert for
        org.hibernate.community.dialect.test.Contact */insert 
    into
        contact (company, email, first_name, job_title, last_contact_date, last_name, login, notes, password, photo_content_type, photo_url, title, website) 
    values
        (?, ?, ?, ?, ?, ?, ?, ?, ?, ?, ?, ?, ?)
Hibernate: 
    select
        max(id) 
    from
        contact
Hibernate: 
    select
        c1_0.id,
        c1_0.company,
        c1_0.create_timestamp,
        c1_0.email,
        c1_0.first_name,
        c1_0.job_title,
        c1_0.last_contact_date,
        c1_0.last_name,
        c1_0.login,
        c1_0.ROWMODID,
        c1_0.notes,
        c1_0.password,
        c1_0.photo_content_type,
        c1_0.photo_url,
        c1_0.ROWID,
        c1_0.sku,
        c1_0.title,
        c1_0.update_timestamp,
        c1_0.uuid,
        c1_0.website 
    from
        contact c1_0 
    where
        c1_0.id=?
Hibernate: 
    /* delete for org.hibernate.community.dialect.test.Contact */delete 
    from
        contact 
    where
        id=?
]]></system-out>
    <system-err><![CDATA[Mar 25, 2025 3:58:56 PM org.hibernate.cache.internal.RegionFactoryInitiator initiateService
INFO: HHH000026: Second-level cache disabled
Mar 25, 2025 3:58:56 PM org.hibernate.engine.jdbc.connections.internal.DriverManagerConnectionProviderImpl configure
WARN: HHH10001002: Using built-in connection pool (not intended for production use)
Mar 25, 2025 3:58:56 PM org.hibernate.engine.jdbc.connections.internal.DriverManagerConnectionProviderImpl buildCreator
INFO: HHH10001005: Loaded JDBC driver class: com.filemaker.jdbc.Driver
Mar 25, 2025 3:58:56 PM org.hibernate.engine.jdbc.connections.internal.DriverManagerConnectionProviderImpl buildCreator
INFO: HHH10001012: Connecting with JDBC URL [jdbc:filemaker://192.168.0.24/Contacts]
Mar 25, 2025 3:58:56 PM org.hibernate.engine.jdbc.connections.internal.DriverManagerConnectionProviderImpl buildCreator
INFO: HHH10001001: Connection properties: {password=****, user=admin}
Mar 25, 2025 3:58:56 PM org.hibernate.engine.jdbc.connections.internal.DriverManagerConnectionProviderImpl buildCreator
INFO: HHH10001003: Autocommit mode: false
Mar 25, 2025 3:58:56 PM org.hibernate.engine.jdbc.connections.internal.DriverManagerConnectionProviderImpl$PooledConnections <init>
INFO: HHH10001115: Connection pool size: 20 (min=1)
Mar 25, 2025 3:58:57 PM org.hibernate.engine.internal.StatisticalLoggingSessionEventListener end
INFO: Session Metrics {
    1420619 nanoseconds spent acquiring 2 JDBC connections;
    989595 nanoseconds spent releasing 2 JDBC connections;
    8635040 nanoseconds spent preparing 4 JDBC statements;
    60690361 nanoseconds spent executing 4 JDBC statements;
    0 nanoseconds spent executing 0 JDBC batches;
    0 nanoseconds spent performing 0 L2C puts;
    0 nanoseconds spent performing 0 L2C hits;
    0 nanoseconds spent performing 0 L2C misses;
    2515143 nanoseconds spent executing 2 flushes (flushing a total of 2 entities and 0 collections);
    0 nanoseconds spent executing 0 pre-partial-flushes;
    0 nanoseconds spent executing 0 partial-flushes (flushing a total of 0 entities and 0 collections)
}
]]></system-err>
  </testcase>
</testsuite>