<?xml version="1.0" encoding="UTF-8"?>
<testsuite xmlns:xsi="http://www.w3.org/2001/XMLSchema-instance" xsi:noNamespaceSchemaLocation="https://maven.apache.org/surefire/maven-surefire-plugin/xsd/surefire-test-report-3.0.xsd" version="3.0" name="org.hibernate.community.dialect.test.FileMakerDialectIntegrationTest" time="2.416" tests="7" errors="0" skipped="0" failures="0">
  <properties>
[...]
</properties>
  <testcase name="testCreateContact" classname="org.hibernate.community.dialect.test.FileMakerDialectIntegrationTest" time="0.148">
    <system-out><![CDATA[Hibernate: insert into contact (email,name) values (?,?)
Hibernate: select max(id) from contact
]]></system-out>
    <system-err><![CDATA[Mar 24, 2025 2:21:54 PM org.hibernate.Version logVersion
INFO: HHH000412: Hibernate ORM core version 6.5.3.Final
Mar 24, 2025 2:21:54 PM org.hibernate.cache.internal.RegionFactoryInitiator initiateService
INFO: HHH000026: Second-level cache disabled
Mar 24, 2025 2:21:55 PM org.hibernate.engine.jdbc.connections.internal.DriverManagerConnectionProviderImpl configure
WARN: HHH10001002: Using built-in connection pool (not intended for production use)
Mar 24, 2025 2:21:55 PM org.hibernate.engine.jdbc.connections.internal.DriverManagerConnectionProviderImpl buildCreator
INFO: HHH10001005: Loaded JDBC driver class: com.filemaker.jdbc.Driver
Mar 24, 2025 2:21:55 PM org.hibernate.engine.jdbc.connections.internal.DriverManagerConnectionProviderImpl buildCreator
INFO: HHH10001012: Connecting with JDBC URL [jdbc:filemaker://192.168.0.24/Contacts]
Mar 24, 2025 2:21:55 PM org.hibernate.engine.jdbc.connections.internal.DriverManagerConnectionProviderImpl buildCreator
INFO: HHH10001001: Connection properties: {password=****, user=admin}
Mar 24, 2025 2:21:55 PM org.hibernate.engine.jdbc.connections.internal.DriverManagerConnectionProviderImpl buildCreator
INFO: HHH10001003: Autocommit mode: false
Mar 24, 2025 2:21:55 PM org.hibernate.engine.jdbc.connections.internal.DriverManagerConnectionProviderImpl$PooledConnections <init>
INFO: HHH10001115: Connection pool size: 20 (min=1)
]]></system-err>
  </testcase>
  <testcase name="testRetrieveContact" classname="org.hibernate.community.dialect.test.FileMakerDialectIntegrationTest" time="0.062">
    <system-out><![CDATA[Hibernate: insert into contact (email,name) values (?,?)
Hibernate: select max(id) from contact
Hibernate: select c1_0.id,c1_0.email,c1_0.name from contact c1_0 where c1_0.id=?
]]></system-out>
  </testcase>
  <testcase name="testUpdateContact" classname="org.hibernate.community.dialect.test.FileMakerDialectIntegrationTest" time="0.057">
    <system-out><![CDATA[Hibernate: insert into contact (email,name) values (?,?)
Hibernate: select max(id) from contact
Hibernate: update contact set email=?,name=? where id=?
Hibernate: select c1_0.id,c1_0.email,c1_0.name from contact c1_0 where c1_0.id=?
]]></system-out>
  </testcase>
  <testcase name="testDeleteContact" classname="org.hibernate.community.dialect.test.FileMakerDialectIntegrationTest" time="0.045">
    <system-out><![CDATA[Hibernate: insert into contact (email,name) values (?,?)
Hibernate: select max(id) from contact
Hibernate: delete from contact where id=?
Hibernate: select c1_0.id,c1_0.email,c1_0.name from contact c1_0 where c1_0.id=?
]]></system-out>
  </testcase>
  <testcase name="testQueryContacts" classname="org.hibernate.community.dialect.test.FileMakerDialectIntegrationTest" time="0.299">
    <system-out><![CDATA[Hibernate: insert into contact (email,name) values (?,?)
Hibernate: select max(id) from contact
Hibernate: insert into contact (email,name) values (?,?)
Hibernate: select max(id) from contact
Hibernate: insert into contact (email,name) values (?,?)
Hibernate: select max(id) from contact
Hibernate: select c1_0.id,c1_0.email,c1_0.name from contact c1_0 where c1_0.email like ?
]]></system-out>
  </testcase>
  <testcase name="testTransactionRollback" classname="org.hibernate.community.dialect.test.FileMakerDialectIntegrationTest" time="0.058">
    <system-out><![CDATA[Hibernate: insert into contact (email,name) values (?,?)
Hibernate: select max(id) from contact
Hibernate: select c1_0.id,c1_0.email,c1_0.name from contact c1_0 where c1_0.id=?
]]></system-out>
  </testcase>
  <testcase name="testBatchOperations" classname="org.hibernate.community.dialect.test.FileMakerDialectIntegrationTest" time="0.179">
    <system-out><![CDATA[Hibernate: insert into contact (email,name) values (?,?)
Hibernate: select max(id) from contact
Hibernate: insert into contact (email,name) values (?,?)
Hibernate: select max(id) from contact
Hibernate: insert into contact (email,name) values (?,?)
Hibernate: select max(id) from contact
Hibernate: insert into contact (email,name) values (?,?)
Hibernate: select max(id) from contact
Hibernate: insert into contact (email,name) values (?,?)
Hibernate: select max(id) from contact
Hibernate: select count(c1_0.id) from contact c1_0 where c1_0.name like ?
]]></system-out>
  </testcase>
</testsuite>