<?xml version="1.0" encoding="UTF-8"?>
<testsuite xmlns:xsi="http://www.w3.org/2001/XMLSchema-instance" xsi:noNamespaceSchemaLocation="https://maven.apache.org/surefire/maven-surefire-plugin/xsd/surefire-test-report-3.0.xsd" version="3.0" name="org.hibernate.community.dialect.test.IntegrationTest" time="12.188" tests="10" errors="0" skipped="0" failures="0">
  <properties>
[...]
</properties>
  <testcase name="testBasicEntityCreation" classname="org.hibernate.community.dialect.test.IntegrationTest" time="0.56">
    <system-out><![CDATA[Hibernate: 
    /* insert for
        org.hibernate.community.dialect.test.Contact */insert 
    into
        contact (company, create_date, create_time, email, first_name, job_title, last_contact_date, last_name, login, notes, password, photo_content_type, photo_url, title, website) 
    values
        (?, ?, ?, ?, ?, ?, ?, ?, ?, ?, ?, ?, ?, ?, ?)
Hibernate: 
    select
        id 
    from
        contact 
    where
        ROWID = (
            select
                max(ROWID) 
            from
                contact
        )
Hibernate: 
    select
        c1_0.id,
        c1_0.company,
        c1_0.create_date,
        c1_0.create_time,
        c1_0.create_timestamp,
        c1_0.email,
        c1_0.first_name,
        c1_0.job_title,
        c1_0.last_contact_date,
        c1_0.last_name,
        c1_0.login,
        c1_0.ROWMODID,
        c1_0.notes,
        c1_0.password,
        c1_0.photo_content_type,
        c1_0.photo_url,
        c1_0.ROWID,
        c1_0.sku,
        c1_0.title,
        c1_0.update_timestamp,
        c1_0.uuid,
        c1_0.website 
    from
        contact c1_0 
    where
        c1_0.id=?
Reloaded contact - ID: 2529
]]></system-out>
    <system-err><![CDATA[Nov 27, 2025 6:03:33 PM org.hibernate.engine.internal.StatisticalLoggingSessionEventListener end
INFO: Session Metrics {
    53263499 nanoseconds spent acquiring 2 JDBC connections;
    52907833 nanoseconds spent releasing 2 JDBC connections;
    118057958 nanoseconds spent preparing 3 JDBC statements;
    87871749 nanoseconds spent executing 3 JDBC statements;
    0 nanoseconds spent executing 0 JDBC batches;
    0 nanoseconds spent performing 0 L2C puts;
    0 nanoseconds spent performing 0 L2C hits;
    0 nanoseconds spent performing 0 L2C misses;
    68167 nanoseconds spent executing 1 flushes (flushing a total of 1 entities and 0 collections);
    0 nanoseconds spent executing 0 pre-partial-flushes;
    0 nanoseconds spent executing 0 partial-flushes (flushing a total of 0 entities and 0 collections)
}
]]></system-err>
  </testcase>
  <testcase name="testCreateEntityWithGeneratedFields" classname="org.hibernate.community.dialect.test.IntegrationTest" time="2.012">
    <system-out><![CDATA[Hibernate: 
    /* insert for
        org.hibernate.community.dialect.test.Contact */insert 
    into
        contact (company, create_date, create_time, email, first_name, job_title, last_contact_date, last_name, login, notes, password, photo_content_type, photo_url, title, website) 
    values
        (?, ?, ?, ?, ?, ?, ?, ?, ?, ?, ?, ?, ?, ?, ?)
Hibernate: 
    select
        id 
    from
        contact 
    where
        ROWID = (
            select
                max(ROWID) 
            from
                contact
        )
Hibernate: 
    select
        c1_0.id,
        c1_0.company,
        c1_0.create_date,
        c1_0.create_time,
        c1_0.create_timestamp,
        c1_0.email,
        c1_0.first_name,
        c1_0.job_title,
        c1_0.last_contact_date,
        c1_0.last_name,
        c1_0.login,
        c1_0.ROWMODID,
        c1_0.notes,
        c1_0.password,
        c1_0.photo_content_type,
        c1_0.photo_url,
        c1_0.ROWID,
        c1_0.sku,
        c1_0.title,
        c1_0.update_timestamp,
        c1_0.uuid,
        c1_0.website 
    from
        contact c1_0 
    where
        c1_0.id=?
Hibernate: 
    /* update
        for org.hibernate.community.dialect.test.Contact */update contact 
    set
        company=?,
        create_date=?,
        create_time=?,
        email=?,
        first_name=?,
        job_title=?,
        last_contact_date=?,
        last_name=?,
        login=?,
        notes=?,
        password=?,
        photo_content_type=?,
        photo_url=?,
        title=?,
        website=? 
    where
        id=?
Hibernate: 
    select
        c1_0.id,
        c1_0.company,
        c1_0.create_date,
        c1_0.create_time,
        c1_0.create_timestamp,
        c1_0.email,
        c1_0.first_name,
        c1_0.job_title,
        c1_0.last_contact_date,
        c1_0.last_name,
        c1_0.login,
        c1_0.ROWMODID,
        c1_0.notes,
        c1_0.password,
        c1_0.photo_content_type,
        c1_0.photo_url,
        c1_0.ROWID,
        c1_0.sku,
        c1_0.title,
        c1_0.update_timestamp,
        c1_0.uuid,
        c1_0.website 
    from
        contact c1_0 
    where
        c1_0.id=?
]]></system-out>
    <system-err><![CDATA[Nov 27, 2025 6:03:35 PM org.hibernate.engine.internal.StatisticalLoggingSessionEventListener end
INFO: Session Metrics {
    114775792 nanoseconds spent acquiring 4 JDBC connections;
    111915834 nanoseconds spent releasing 4 JDBC connections;
    201831084 nanoseconds spent preparing 5 JDBC statements;
    154759041 nanoseconds spent executing 5 JDBC statements;
    0 nanoseconds spent executing 0 JDBC batches;
    0 nanoseconds spent performing 0 L2C puts;
    0 nanoseconds spent performing 0 L2C hits;
    0 nanoseconds spent performing 0 L2C misses;
    85613625 nanoseconds spent executing 2 flushes (flushing a total of 2 entities and 0 collections);
    0 nanoseconds spent executing 0 pre-partial-flushes;
    0 nanoseconds spent executing 0 partial-flushes (flushing a total of 0 entities and 0 collections)
}
]]></system-err>
  </testcase>
  <testcase name="testModificationCounter" classname="org.hibernate.community.dialect.test.IntegrationTest" time="1.034">
    <system-out><![CDATA[Hibernate: 
    /* insert for
        org.hibernate.community.dialect.test.Contact */insert 
    into
        contact (company, create_date, create_time, email, first_name, job_title, last_contact_date, last_name, login, notes, password, photo_content_type, photo_url, title, website) 
    values
        (?, ?, ?, ?, ?, ?, ?, ?, ?, ?, ?, ?, ?, ?, ?)
Hibernate: 
    select
        id 
    from
        contact 
    where
        ROWID = (
            select
                max(ROWID) 
            from
                contact
        )
Hibernate: 
    select
        c1_0.id,
        c1_0.company,
        c1_0.create_date,
        c1_0.create_time,
        c1_0.create_timestamp,
        c1_0.email,
        c1_0.first_name,
        c1_0.job_title,
        c1_0.last_contact_date,
        c1_0.last_name,
        c1_0.login,
        c1_0.ROWMODID,
        c1_0.notes,
        c1_0.password,
        c1_0.photo_content_type,
        c1_0.photo_url,
        c1_0.ROWID,
        c1_0.sku,
        c1_0.title,
        c1_0.update_timestamp,
        c1_0.uuid,
        c1_0.website 
    from
        contact c1_0 
    where
        c1_0.id=?
Hibernate: 
    /* update
        for org.hibernate.community.dialect.test.Contact */update contact 
    set
        company=?,
        create_date=?,
        create_time=?,
        email=?,
        first_name=?,
        job_title=?,
        last_contact_date=?,
        last_name=?,
        login=?,
        notes=?,
        password=?,
        photo_content_type=?,
        photo_url=?,
        title=?,
        website=? 
    where
        id=?
Hibernate: 
    select
        c1_0.id,
        c1_0.company,
        c1_0.create_date,
        c1_0.create_time,
        c1_0.create_timestamp,
        c1_0.email,
        c1_0.first_name,
        c1_0.job_title,
        c1_0.last_contact_date,
        c1_0.last_name,
        c1_0.login,
        c1_0.ROWMODID,
        c1_0.notes,
        c1_0.password,
        c1_0.photo_content_type,
        c1_0.photo_url,
        c1_0.ROWID,
        c1_0.sku,
        c1_0.title,
        c1_0.update_timestamp,
        c1_0.uuid,
        c1_0.website 
    from
        contact c1_0 
    where
        c1_0.id=?
]]></system-out>
    <system-err><![CDATA[Nov 27, 2025 6:03:36 PM org.hibernate.engine.internal.StatisticalLoggingSessionEventListener end
INFO: Session Metrics {
    107448916 nanoseconds spent acquiring 4 JDBC connections;
    106122210 nanoseconds spent releasing 4 JDBC connections;
    201564249 nanoseconds spent preparing 5 JDBC statements;
    157869458 nanoseconds spent executing 5 JDBC statements;
    0 nanoseconds spent executing 0 JDBC batches;
    0 nanoseconds spent performing 0 L2C puts;
    0 nanoseconds spent performing 0 L2C hits;
    0 nanoseconds spent performing 0 L2C misses;
    86025041 nanoseconds spent executing 2 flushes (flushing a total of 2 entities and 0 collections);
    0 nanoseconds spent executing 0 pre-partial-flushes;
    0 nanoseconds spent executing 0 partial-flushes (flushing a total of 0 entities and 0 collections)
}
]]></system-err>
  </testcase>
  <testcase name="testAutoenterValuePersistence" classname="org.hibernate.community.dialect.test.IntegrationTest" time="1.057">
    <system-out><![CDATA[Hibernate: 
    /* insert for
        org.hibernate.community.dialect.test.Contact */insert 
    into
        contact (company, create_date, create_time, email, first_name, job_title, last_contact_date, last_name, login, notes, password, photo_content_type, photo_url, title, website) 
    values
        (?, ?, ?, ?, ?, ?, ?, ?, ?, ?, ?, ?, ?, ?, ?)
Hibernate: 
    select
        id 
    from
        contact 
    where
        ROWID = (
            select
                max(ROWID) 
            from
                contact
        )
Hibernate: 
    select
        c1_0.id,
        c1_0.company,
        c1_0.create_date,
        c1_0.create_time,
        c1_0.create_timestamp,
        c1_0.email,
        c1_0.first_name,
        c1_0.job_title,
        c1_0.last_contact_date,
        c1_0.last_name,
        c1_0.login,
        c1_0.ROWMODID,
        c1_0.notes,
        c1_0.password,
        c1_0.photo_content_type,
        c1_0.photo_url,
        c1_0.ROWID,
        c1_0.sku,
        c1_0.title,
        c1_0.update_timestamp,
        c1_0.uuid,
        c1_0.website 
    from
        contact c1_0 
    where
        c1_0.id=?
Hibernate: 
    /* update
        for org.hibernate.community.dialect.test.Contact */update contact 
    set
        company=?,
        create_date=?,
        create_time=?,
        email=?,
        first_name=?,
        job_title=?,
        last_contact_date=?,
        last_name=?,
        login=?,
        notes=?,
        password=?,
        photo_content_type=?,
        photo_url=?,
        title=?,
        website=? 
    where
        id=?
Hibernate: 
    select
        c1_0.id,
        c1_0.company,
        c1_0.create_date,
        c1_0.create_time,
        c1_0.create_timestamp,
        c1_0.email,
        c1_0.first_name,
        c1_0.job_title,
        c1_0.last_contact_date,
        c1_0.last_name,
        c1_0.login,
        c1_0.ROWMODID,
        c1_0.notes,
        c1_0.password,
        c1_0.photo_content_type,
        c1_0.photo_url,
        c1_0.ROWID,
        c1_0.sku,
        c1_0.title,
        c1_0.update_timestamp,
        c1_0.uuid,
        c1_0.website 
    from
        contact c1_0 
    where
        c1_0.id=?
]]></system-out>
    <system-err><![CDATA[Nov 27, 2025 6:03:37 PM org.hibernate.engine.internal.StatisticalLoggingSessionEventListener end
INFO: Session Metrics {
    107402291 nanoseconds spent acquiring 4 JDBC connections;
    139833292 nanoseconds spent releasing 4 JDBC connections;
    218252374 nanoseconds spent preparing 5 JDBC statements;
    154469209 nanoseconds spent executing 5 JDBC statements;
    0 nanoseconds spent executing 0 JDBC batches;
    0 nanoseconds spent performing 0 L2C puts;
    0 nanoseconds spent performing 0 L2C hits;
    0 nanoseconds spent performing 0 L2C misses;
    83020208 nanoseconds spent executing 2 flushes (flushing a total of 2 entities and 0 collections);
    0 nanoseconds spent executing 0 pre-partial-flushes;
    0 nanoseconds spent executing 0 partial-flushes (flushing a total of 0 entities and 0 collections)
}
]]></system-err>
  </testcase>
  <testcase name="testRowIdPersistence" classname="org.hibernate.community.dialect.test.IntegrationTest" time="0.956">
    <system-out><![CDATA[Hibernate: 
    /* insert for
        org.hibernate.community.dialect.test.Contact */insert 
    into
        contact (company, create_date, create_time, email, first_name, job_title, last_contact_date, last_name, login, notes, password, photo_content_type, photo_url, title, website) 
    values
        (?, ?, ?, ?, ?, ?, ?, ?, ?, ?, ?, ?, ?, ?, ?)
Hibernate: 
    select
        id 
    from
        contact 
    where
        ROWID = (
            select
                max(ROWID) 
            from
                contact
        )
Hibernate: 
    select
        c1_0.id,
        c1_0.company,
        c1_0.create_date,
        c1_0.create_time,
        c1_0.create_timestamp,
        c1_0.email,
        c1_0.first_name,
        c1_0.job_title,
        c1_0.last_contact_date,
        c1_0.last_name,
        c1_0.login,
        c1_0.ROWMODID,
        c1_0.notes,
        c1_0.password,
        c1_0.photo_content_type,
        c1_0.photo_url,
        c1_0.ROWID,
        c1_0.sku,
        c1_0.title,
        c1_0.update_timestamp,
        c1_0.uuid,
        c1_0.website 
    from
        contact c1_0 
    where
        c1_0.id=?
Hibernate: 
    /* update
        for org.hibernate.community.dialect.test.Contact */update contact 
    set
        company=?,
        create_date=?,
        create_time=?,
        email=?,
        first_name=?,
        job_title=?,
        last_contact_date=?,
        last_name=?,
        login=?,
        notes=?,
        password=?,
        photo_content_type=?,
        photo_url=?,
        title=?,
        website=? 
    where
        id=?
Hibernate: 
    select
        c1_0.id,
        c1_0.company,
        c1_0.create_date,
        c1_0.create_time,
        c1_0.create_timestamp,
        c1_0.email,
        c1_0.first_name,
        c1_0.job_title,
        c1_0.last_contact_date,
        c1_0.last_name,
        c1_0.login,
        c1_0.ROWMODID,
        c1_0.notes,
        c1_0.password,
        c1_0.photo_content_type,
        c1_0.photo_url,
        c1_0.ROWID,
        c1_0.sku,
        c1_0.title,
        c1_0.update_timestamp,
        c1_0.uuid,
        c1_0.website 
    from
        contact c1_0 
    where
        c1_0.id=?
]]></system-out>
    <system-err><![CDATA[Nov 27, 2025 6:03:38 PM org.hibernate.engine.internal.StatisticalLoggingSessionEventListener end
INFO: Session Metrics {
    105717293 nanoseconds spent acquiring 4 JDBC connections;
    107134251 nanoseconds spent releasing 4 JDBC connections;
    201884958 nanoseconds spent preparing 5 JDBC statements;
    157117501 nanoseconds spent executing 5 JDBC statements;
    0 nanoseconds spent executing 0 JDBC batches;
    0 nanoseconds spent performing 0 L2C puts;
    0 nanoseconds spent performing 0 L2C hits;
    0 nanoseconds spent performing 0 L2C misses;
    82975709 nanoseconds spent executing 2 flushes (flushing a total of 2 entities and 0 collections);
    0 nanoseconds spent executing 0 pre-partial-flushes;
    0 nanoseconds spent executing 0 partial-flushes (flushing a total of 0 entities and 0 collections)
}
]]></system-err>
  </testcase>
  <testcase name="testUpdateEntity" classname="org.hibernate.community.dialect.test.IntegrationTest" time="0.961">
    <system-out><![CDATA[Hibernate: 
    /* insert for
        org.hibernate.community.dialect.test.Contact */insert 
    into
        contact (company, create_date, create_time, email, first_name, job_title, last_contact_date, last_name, login, notes, password, photo_content_type, photo_url, title, website) 
    values
        (?, ?, ?, ?, ?, ?, ?, ?, ?, ?, ?, ?, ?, ?, ?)
Hibernate: 
    select
        id 
    from
        contact 
    where
        ROWID = (
            select
                max(ROWID) 
            from
                contact
        )
Hibernate: 
    select
        c1_0.id,
        c1_0.company,
        c1_0.create_date,
        c1_0.create_time,
        c1_0.create_timestamp,
        c1_0.email,
        c1_0.first_name,
        c1_0.job_title,
        c1_0.last_contact_date,
        c1_0.last_name,
        c1_0.login,
        c1_0.ROWMODID,
        c1_0.notes,
        c1_0.password,
        c1_0.photo_content_type,
        c1_0.photo_url,
        c1_0.ROWID,
        c1_0.sku,
        c1_0.title,
        c1_0.update_timestamp,
        c1_0.uuid,
        c1_0.website 
    from
        contact c1_0 
    where
        c1_0.id=?
Hibernate: 
    /* update
        for org.hibernate.community.dialect.test.Contact */update contact 
    set
        company=?,
        create_date=?,
        create_time=?,
        email=?,
        first_name=?,
        job_title=?,
        last_contact_date=?,
        last_name=?,
        login=?,
        notes=?,
        password=?,
        photo_content_type=?,
        photo_url=?,
        title=?,
        website=? 
    where
        id=?
Hibernate: 
    select
        c1_0.id,
        c1_0.company,
        c1_0.create_date,
        c1_0.create_time,
        c1_0.create_timestamp,
        c1_0.email,
        c1_0.first_name,
        c1_0.job_title,
        c1_0.last_contact_date,
        c1_0.last_name,
        c1_0.login,
        c1_0.ROWMODID,
        c1_0.notes,
        c1_0.password,
        c1_0.photo_content_type,
        c1_0.photo_url,
        c1_0.ROWID,
        c1_0.sku,
        c1_0.title,
        c1_0.update_timestamp,
        c1_0.uuid,
        c1_0.website 
    from
        contact c1_0 
    where
        c1_0.id=?
]]></system-out>
    <system-err><![CDATA[Nov 27, 2025 6:03:39 PM org.hibernate.engine.internal.StatisticalLoggingSessionEventListener end
INFO: Session Metrics {
    108864417 nanoseconds spent acquiring 4 JDBC connections;
    109675917 nanoseconds spent releasing 4 JDBC connections;
    197269000 nanoseconds spent preparing 5 JDBC statements;
    159046833 nanoseconds spent executing 5 JDBC statements;
    0 nanoseconds spent executing 0 JDBC batches;
    0 nanoseconds spent performing 0 L2C puts;
    0 nanoseconds spent performing 0 L2C hits;
    0 nanoseconds spent performing 0 L2C misses;
    84052500 nanoseconds spent executing 2 flushes (flushing a total of 2 entities and 0 collections);
    0 nanoseconds spent executing 0 pre-partial-flushes;
    0 nanoseconds spent executing 0 partial-flushes (flushing a total of 0 entities and 0 collections)
}
]]></system-err>
  </testcase>
  <testcase name="testDeleteEntity" classname="org.hibernate.community.dialect.test.IntegrationTest" time="0.75">
    <system-out><![CDATA[Hibernate: 
    /* insert for
        org.hibernate.community.dialect.test.Contact */insert 
    into
        contact (company, create_date, create_time, email, first_name, job_title, last_contact_date, last_name, login, notes, password, photo_content_type, photo_url, title, website) 
    values
        (?, ?, ?, ?, ?, ?, ?, ?, ?, ?, ?, ?, ?, ?, ?)
Hibernate: 
    select
        id 
    from
        contact 
    where
        ROWID = (
            select
                max(ROWID) 
            from
                contact
        )
Hibernate: 
    /* delete for org.hibernate.community.dialect.test.Contact */delete 
    from
        contact 
    where
        id=?
Hibernate: 
    select
        c1_0.id,
        c1_0.company,
        c1_0.create_date,
        c1_0.create_time,
        c1_0.create_timestamp,
        c1_0.email,
        c1_0.first_name,
        c1_0.job_title,
        c1_0.last_contact_date,
        c1_0.last_name,
        c1_0.login,
        c1_0.ROWMODID,
        c1_0.notes,
        c1_0.password,
        c1_0.photo_content_type,
        c1_0.photo_url,
        c1_0.ROWID,
        c1_0.sku,
        c1_0.title,
        c1_0.update_timestamp,
        c1_0.uuid,
        c1_0.website 
    from
        contact c1_0 
    where
        c1_0.id=?
]]></system-out>
    <system-err><![CDATA[Nov 27, 2025 6:03:40 PM org.hibernate.engine.internal.StatisticalLoggingSessionEventListener end
INFO: Session Metrics {
    83116584 nanoseconds spent acquiring 3 JDBC connections;
    79784959 nanoseconds spent releasing 3 JDBC connections;
    144713749 nanoseconds spent preparing 4 JDBC statements;
    129133999 nanoseconds spent executing 4 JDBC statements;
    0 nanoseconds spent executing 0 JDBC batches;
    0 nanoseconds spent performing 0 L2C puts;
    0 nanoseconds spent performing 0 L2C hits;
    0 nanoseconds spent performing 0 L2C misses;
    89107542 nanoseconds spent executing 2 flushes (flushing a total of 2 entities and 0 collections);
    0 nanoseconds spent executing 0 pre-partial-flushes;
    0 nanoseconds spent executing 0 partial-flushes (flushing a total of 0 entities and 0 collections)
}
]]></system-err>
  </testcase>
  <testcase name="testAdvancedQueries" classname="org.hibernate.community.dialect.test.IntegrationTest" time="2.005">
    <system-out><![CDATA[Hibernate: 
    /* insert for
        org.hibernate.community.dialect.test.Contact */insert 
    into
        contact (company, create_date, create_time, email, first_name, job_title, last_contact_date, last_name, login, notes, password, photo_content_type, photo_url, title, website) 
    values
        (?, ?, ?, ?, ?, ?, ?, ?, ?, ?, ?, ?, ?, ?, ?)
Hibernate: 
    select
        id 
    from
        contact 
    where
        ROWID = (
            select
                max(ROWID) 
            from
                contact
        )
Hibernate: 
    /* insert for
        org.hibernate.community.dialect.test.Contact */insert 
    into
        contact (company, create_date, create_time, email, first_name, job_title, last_contact_date, last_name, login, notes, password, photo_content_type, photo_url, title, website) 
    values
        (?, ?, ?, ?, ?, ?, ?, ?, ?, ?, ?, ?, ?, ?, ?)
Hibernate: 
    select
        id 
    from
        contact 
    where
        ROWID = (
            select
                max(ROWID) 
            from
                contact
        )
Hibernate: 
    /* insert for
        org.hibernate.community.dialect.test.Contact */insert 
    into
        contact (company, create_date, create_time, email, first_name, job_title, last_contact_date, last_name, login, notes, password, photo_content_type, photo_url, title, website) 
    values
        (?, ?, ?, ?, ?, ?, ?, ?, ?, ?, ?, ?, ?, ?, ?)
Hibernate: 
    select
        id 
    from
        contact 
    where
        ROWID = (
            select
                max(ROWID) 
            from
                contact
        )
Hibernate: 
    /* 
FROM
    Contact c 
WHERE
    c.company = :company */ select
        c1_0.id,
        c1_0.company,
        c1_0.create_date,
        c1_0.create_time,
        c1_0.create_timestamp,
        c1_0.email,
        c1_0.first_name,
        c1_0.job_title,
        c1_0.last_contact_date,
        c1_0.last_name,
        c1_0.login,
        c1_0.ROWMODID,
        c1_0.notes,
        c1_0.password,
        c1_0.photo_content_type,
        c1_0.photo_url,
        c1_0.ROWID,
        c1_0.sku,
        c1_0.title,
        c1_0.update_timestamp,
        c1_0.uuid,
        c1_0.website 
    from
        contact c1_0 
    where
        c1_0.company=?
Hibernate: 
    /* 
FROM
    Contact c 
WHERE
    c.jobTitle LIKE :pattern */ select
        c1_0.id,
        c1_0.company,
        c1_0.create_date,
        c1_0.create_time,
        c1_0.create_timestamp,
        c1_0.email,
        c1_0.first_name,
        c1_0.job_title,
        c1_0.last_contact_date,
        c1_0.last_name,
        c1_0.login,
        c1_0.ROWMODID,
        c1_0.notes,
        c1_0.password,
        c1_0.photo_content_type,
        c1_0.photo_url,
        c1_0.ROWID,
        c1_0.sku,
        c1_0.title,
        c1_0.update_timestamp,
        c1_0.uuid,
        c1_0.website 
    from
        contact c1_0 
    where
        c1_0.job_title like ?
Hibernate: 
    /* 
FROM
    Contact c 
WHERE
    c.company = :company 
    AND c.jobTitle LIKE :jobPattern 
    AND c.email LIKE :emailPattern */ select
        c1_0.id,
        c1_0.company,
        c1_0.create_date,
        c1_0.create_time,
        c1_0.create_timestamp,
        c1_0.email,
        c1_0.first_name,
        c1_0.job_title,
        c1_0.last_contact_date,
        c1_0.last_name,
        c1_0.login,
        c1_0.ROWMODID,
        c1_0.notes,
        c1_0.password,
        c1_0.photo_content_type,
        c1_0.photo_url,
        c1_0.ROWID,
        c1_0.sku,
        c1_0.title,
        c1_0.update_timestamp,
        c1_0.uuid,
        c1_0.website 
    from
        contact c1_0 
    where
        c1_0.company=? 
        and c1_0.job_title like ? 
        and c1_0.email like ?
Hibernate: 
    /* delete for org.hibernate.community.dialect.test.Contact */delete 
    from
        contact 
    where
        id=?
Hibernate: 
    /* delete for org.hibernate.community.dialect.test.Contact */delete 
    from
        contact 
    where
        id=?
Hibernate: 
    /* delete for org.hibernate.community.dialect.test.Contact */delete 
    from
        contact 
    where
        id=?
]]></system-out>
    <system-err><![CDATA[Nov 27, 2025 6:03:42 PM org.hibernate.engine.internal.StatisticalLoggingSessionEventListener end
INFO: Session Metrics {
    167161000 nanoseconds spent acquiring 5 JDBC connections;
    138935541 nanoseconds spent releasing 5 JDBC connections;
    477978125 nanoseconds spent preparing 12 JDBC statements;
    367235876 nanoseconds spent executing 12 JDBC statements;
    0 nanoseconds spent executing 0 JDBC batches;
    0 nanoseconds spent performing 0 L2C puts;
    0 nanoseconds spent performing 0 L2C hits;
    0 nanoseconds spent performing 0 L2C misses;
    274650083 nanoseconds spent executing 2 flushes (flushing a total of 6 entities and 0 collections);
    0 nanoseconds spent executing 0 pre-partial-flushes;
    0 nanoseconds spent executing 0 partial-flushes (flushing a total of 0 entities and 0 collections)
}
]]></system-err>
  </testcase>
  <testcase name="testTransactionRollback" classname="org.hibernate.community.dialect.test.IntegrationTest" time="1.044">
    <system-out><![CDATA[Hibernate: 
    /* insert for
        org.hibernate.community.dialect.test.Contact */insert 
    into
        contact (company, create_date, create_time, email, first_name, job_title, last_contact_date, last_name, login, notes, password, photo_content_type, photo_url, title, website) 
    values
        (?, ?, ?, ?, ?, ?, ?, ?, ?, ?, ?, ?, ?, ?, ?)
Hibernate: 
    select
        id 
    from
        contact 
    where
        ROWID = (
            select
                max(ROWID) 
            from
                contact
        )
Hibernate: 
    select
        c1_0.id,
        c1_0.company,
        c1_0.create_date,
        c1_0.create_time,
        c1_0.create_timestamp,
        c1_0.email,
        c1_0.first_name,
        c1_0.job_title,
        c1_0.last_contact_date,
        c1_0.last_name,
        c1_0.login,
        c1_0.ROWMODID,
        c1_0.notes,
        c1_0.password,
        c1_0.photo_content_type,
        c1_0.photo_url,
        c1_0.ROWID,
        c1_0.sku,
        c1_0.title,
        c1_0.update_timestamp,
        c1_0.uuid,
        c1_0.website 
    from
        contact c1_0 
    where
        c1_0.id=?
Hibernate: 
    select
        c1_0.id,
        c1_0.company,
        c1_0.create_date,
        c1_0.create_time,
        c1_0.create_timestamp,
        c1_0.email,
        c1_0.first_name,
        c1_0.job_title,
        c1_0.last_contact_date,
        c1_0.last_name,
        c1_0.login,
        c1_0.ROWMODID,
        c1_0.notes,
        c1_0.password,
        c1_0.photo_content_type,
        c1_0.photo_url,
        c1_0.ROWID,
        c1_0.sku,
        c1_0.title,
        c1_0.update_timestamp,
        c1_0.uuid,
        c1_0.website 
    from
        contact c1_0 
    where
        c1_0.id=?
Hibernate: 
    /* delete for org.hibernate.community.dialect.test.Contact */delete 
    from
        contact 
    where
        id=?
]]></system-out>
    <system-err><![CDATA[Nov 27, 2025 6:03:43 PM org.hibernate.engine.internal.StatisticalLoggingSessionEventListener end
INFO: Session Metrics {
    132931334 nanoseconds spent acquiring 5 JDBC connections;
    134248333 nanoseconds spent releasing 5 JDBC connections;
    199932917 nanoseconds spent preparing 5 JDBC statements;
    158494042 nanoseconds spent executing 5 JDBC statements;
    0 nanoseconds spent executing 0 JDBC batches;
    0 nanoseconds spent performing 0 L2C puts;
    0 nanoseconds spent performing 0 L2C hits;
    0 nanoseconds spent performing 0 L2C misses;
    85059958 nanoseconds spent executing 2 flushes (flushing a total of 2 entities and 0 collections);
    0 nanoseconds spent executing 0 pre-partial-flushes;
    0 nanoseconds spent executing 0 partial-flushes (flushing a total of 0 entities and 0 collections)
}
]]></system-err>
  </testcase>
  <testcase name="testBatchOperations" classname="org.hibernate.community.dialect.test.IntegrationTest" time="1.775">
    <system-out><![CDATA[Hibernate: 
    /* insert for
        org.hibernate.community.dialect.test.Contact */insert 
    into
        contact (company, create_date, create_time, email, first_name, job_title, last_contact_date, last_name, login, notes, password, photo_content_type, photo_url, title, website) 
    values
        (?, ?, ?, ?, ?, ?, ?, ?, ?, ?, ?, ?, ?, ?, ?)
Hibernate: 
    select
        id 
    from
        contact 
    where
        ROWID = (
            select
                max(ROWID) 
            from
                contact
        )
Hibernate: 
    /* insert for
        org.hibernate.community.dialect.test.Contact */insert 
    into
        contact (company, create_date, create_time, email, first_name, job_title, last_contact_date, last_name, login, notes, password, photo_content_type, photo_url, title, website) 
    values
        (?, ?, ?, ?, ?, ?, ?, ?, ?, ?, ?, ?, ?, ?, ?)
Hibernate: 
    select
        id 
    from
        contact 
    where
        ROWID = (
            select
                max(ROWID) 
            from
                contact
        )
Hibernate: 
    /* insert for
        org.hibernate.community.dialect.test.Contact */insert 
    into
        contact (company, create_date, create_time, email, first_name, job_title, last_contact_date, last_name, login, notes, password, photo_content_type, photo_url, title, website) 
    values
        (?, ?, ?, ?, ?, ?, ?, ?, ?, ?, ?, ?, ?, ?, ?)
Hibernate: 
    select
        id 
    from
        contact 
    where
        ROWID = (
            select
                max(ROWID) 
            from
                contact
        )
Hibernate: 
    /* insert for
        org.hibernate.community.dialect.test.Contact */insert 
    into
        contact (company, create_date, create_time, email, first_name, job_title, last_contact_date, last_name, login, notes, password, photo_content_type, photo_url, title, website) 
    values
        (?, ?, ?, ?, ?, ?, ?, ?, ?, ?, ?, ?, ?, ?, ?)
Hibernate: 
    select
        id 
    from
        contact 
    where
        ROWID = (
            select
                max(ROWID) 
            from
                contact
        )
Hibernate: 
    /* insert for
        org.hibernate.community.dialect.test.Contact */insert 
    into
        contact (company, create_date, create_time, email, first_name, job_title, last_contact_date, last_name, login, notes, password, photo_content_type, photo_url, title, website) 
    values
        (?, ?, ?, ?, ?, ?, ?, ?, ?, ?, ?, ?, ?, ?, ?)
Hibernate: 
    select
        id 
    from
        contact 
    where
        ROWID = (
            select
                max(ROWID) 
            from
                contact
        )
Hibernate: 
    /* SELECT
        COUNT(c) 
    FROM
        Contact c 
    WHERE
        c.email LIKE :pattern */ select
            count(c1_0.id) 
        from
            contact c1_0 
        where
            c1_0.email like ?
Hibernate: 
    /* DELETE 
    FROM
        Contact c 
    WHERE
        c.email LIKE :pattern */ delete 
    from
        contact 
    where
        email like ?
]]></system-out>
    <system-err><![CDATA[Nov 27, 2025 6:03:44 PM org.hibernate.engine.internal.StatisticalLoggingSessionEventListener end
INFO: Session Metrics {
    78145416 nanoseconds spent acquiring 3 JDBC connections;
    82385125 nanoseconds spent releasing 3 JDBC connections;
    376569582 nanoseconds spent preparing 12 JDBC statements;
    372066249 nanoseconds spent executing 12 JDBC statements;
    0 nanoseconds spent executing 0 JDBC batches;
    0 nanoseconds spent performing 0 L2C puts;
    0 nanoseconds spent performing 0 L2C hits;
    0 nanoseconds spent performing 0 L2C misses;
    161708 nanoseconds spent executing 2 flushes (flushing a total of 5 entities and 0 collections);
    0 nanoseconds spent executing 0 pre-partial-flushes;
    4083 nanoseconds spent executing 1 partial-flushes (flushing a total of 0 entities and 0 collections)
}
]]></system-err>
  </testcase>
</testsuite>