<?xml version="1.0" encoding="UTF-8"?>
<testsuite xmlns:xsi="http://www.w3.org/2001/XMLSchema-instance" xsi:noNamespaceSchemaLocation="https://maven.apache.org/surefire/maven-surefire-plugin/xsd/surefire-test-report-3.0.xsd" version="3.0" name="org.hibernate.community.dialect.test.LargeTextFieldsTest" time="2.696" tests="1" errors="0" skipped="0" failures="0">
  <properties>
[...]
</properties>
  <testcase name="testLargeTextFields" classname="org.hibernate.community.dialect.test.LargeTextFieldsTest" time="2.687">
    <system-out><![CDATA[Hibernate: 
    /* insert for
        org.hibernate.community.dialect.test.Contact */insert 
    into
        contact (company, create_date, create_time, email, first_name, job_title, last_contact_date, last_name, login, notes, password, photo_content_type, photo_url, title, website) 
    values
        (?, ?, ?, ?, ?, ?, ?, ?, ?, ?, ?, ?, ?, ?, ?)
Hibernate: 
    select
        id 
    from
        contact 
    where
        ROWID = (
            select
                max(ROWID) 
            from
                contact
        )
Hibernate: 
    select
        c1_0.id,
        c1_0.company,
        c1_0.create_date,
        c1_0.create_time,
        c1_0.create_timestamp,
        c1_0.email,
        c1_0.first_name,
        c1_0.job_title,
        c1_0.last_contact_date,
        c1_0.last_name,
        c1_0.login,
        c1_0.ROWMODID,
        c1_0.notes,
        c1_0.password,
        c1_0.photo_content_type,
        c1_0.photo_url,
        c1_0.ROWID,
        c1_0.sku,
        c1_0.title,
        c1_0.update_timestamp,
        c1_0.uuid,
        c1_0.website 
    from
        contact c1_0 
    where
        c1_0.id=?
Hibernate: 
    /* delete for org.hibernate.community.dialect.test.Contact */delete 
    from
        contact 
    where
        id=?
]]></system-out>
    <system-err><![CDATA[Nov 27, 2025 8:19:38 PM org.hibernate.Version logVersion
INFO: HHH000412: Hibernate ORM core version 6.5.3.Final
Nov 27, 2025 8:19:38 PM org.hibernate.cache.internal.RegionFactoryInitiator initiateService
INFO: HHH000026: Second-level cache disabled
Nov 27, 2025 8:19:38 PM org.hibernate.engine.jdbc.connections.internal.DriverManagerConnectionProviderImpl configure
WARN: HHH10001002: Using built-in connection pool (not intended for production use)
Nov 27, 2025 8:19:38 PM org.hibernate.engine.jdbc.connections.internal.DriverManagerConnectionProviderImpl buildCreator
INFO: HHH10001005: Loaded JDBC driver class: com.filemaker.jdbc.Driver
Nov 27, 2025 8:19:38 PM org.hibernate.engine.jdbc.connections.internal.DriverManagerConnectionProviderImpl buildCreator
INFO: HHH10001012: Connecting with JDBC URL [jdbc:filemaker://192.168.30.130/Contacts?loglevel=2]
Nov 27, 2025 8:19:38 PM org.hibernate.engine.jdbc.connections.internal.DriverManagerConnectionProviderImpl buildCreator
INFO: HHH10001001: Connection properties: {password=****, user=admin}
Nov 27, 2025 8:19:38 PM org.hibernate.engine.jdbc.connections.internal.DriverManagerConnectionProviderImpl buildCreator
INFO: HHH10001003: Autocommit mode: false
Nov 27, 2025 8:19:38 PM org.hibernate.engine.jdbc.connections.internal.DriverManagerConnectionProviderImpl$PooledConnections <init>
INFO: HHH10001115: Connection pool size: 20 (min=1)
Nov 27, 2025 8:19:40 PM org.hibernate.engine.internal.StatisticalLoggingSessionEventListener end
INFO: Session Metrics {
    54679291 nanoseconds spent acquiring 2 JDBC connections;
    55490333 nanoseconds spent releasing 2 JDBC connections;
    127323291 nanoseconds spent preparing 4 JDBC statements;
    281589918 nanoseconds spent executing 4 JDBC statements;
    0 nanoseconds spent executing 0 JDBC batches;
    0 nanoseconds spent performing 0 L2C puts;
    0 nanoseconds spent performing 0 L2C hits;
    0 nanoseconds spent performing 0 L2C misses;
    91339042 nanoseconds spent executing 2 flushes (flushing a total of 2 entities and 0 collections);
    0 nanoseconds spent executing 0 pre-partial-flushes;
    0 nanoseconds spent executing 0 partial-flushes (flushing a total of 0 entities and 0 collections)
}
]]></system-err>
  </testcase>
</testsuite>