<?xml version="1.0" encoding="UTF-8"?>
<testsuite xmlns:xsi="http://www.w3.org/2001/XMLSchema-instance" xsi:noNamespaceSchemaLocation="https://maven.apache.org/surefire/maven-surefire-plugin/xsd/surefire-test-report-3.0.xsd" version="3.0" name="org.hibernate.community.dialect.test.IntegrationTest" time="2.408" tests="10" errors="0" skipped="0" failures="0">
  <properties>
[...]
</properties>
  <testcase name="testBasicEntityCreation" classname="org.hibernate.community.dialect.test.IntegrationTest" time="0.068">
    <system-out><![CDATA[Hibernate: 
    /* insert for
        org.hibernate.community.dialect.test.Contact */insert 
    into
        contact (company, email, first_name, job_title, last_contact_date, last_name, login, notes, password, photo_content_type, photo_url, title, website) 
    values
        (?, ?, ?, ?, ?, ?, ?, ?, ?, ?, ?, ?, ?)
Hibernate: 
    select
        max(id) 
    from
        contact
Hibernate: 
    select
        c1_0.id,
        c1_0.company,
        c1_0.create_timestamp,
        c1_0.email,
        c1_0.first_name,
        c1_0.job_title,
        c1_0.last_contact_date,
        c1_0.last_name,
        c1_0.login,
        c1_0.ROWMODID,
        c1_0.notes,
        c1_0.password,
        c1_0.photo_content_type,
        c1_0.photo_url,
        c1_0.ROWID,
        c1_0.sku,
        c1_0.title,
        c1_0.update_timestamp,
        c1_0.uuid,
        c1_0.website 
    from
        contact c1_0 
    where
        c1_0.id=?
Reloaded contact - ID: 7247
]]></system-out>
    <system-err><![CDATA[Jul 09, 2025 2:30:40 PM org.hibernate.engine.internal.StatisticalLoggingSessionEventListener end
INFO: Session Metrics {
    1755398 nanoseconds spent acquiring 2 JDBC connections;
    1469473 nanoseconds spent releasing 2 JDBC connections;
    6682876 nanoseconds spent preparing 3 JDBC statements;
    31372412 nanoseconds spent executing 3 JDBC statements;
    0 nanoseconds spent executing 0 JDBC batches;
    0 nanoseconds spent performing 0 L2C puts;
    0 nanoseconds spent performing 0 L2C hits;
    0 nanoseconds spent performing 0 L2C misses;
    92227 nanoseconds spent executing 1 flushes (flushing a total of 1 entities and 0 collections);
    0 nanoseconds spent executing 0 pre-partial-flushes;
    0 nanoseconds spent executing 0 partial-flushes (flushing a total of 0 entities and 0 collections)
}
]]></system-err>
  </testcase>
  <testcase name="testCreateEntityWithGeneratedFields" classname="org.hibernate.community.dialect.test.IntegrationTest" time="1.095">
    <system-out><![CDATA[Hibernate: 
    /* insert for
        org.hibernate.community.dialect.test.Contact */insert 
    into
        contact (company, email, first_name, job_title, last_contact_date, last_name, login, notes, password, photo_content_type, photo_url, title, website) 
    values
        (?, ?, ?, ?, ?, ?, ?, ?, ?, ?, ?, ?, ?)
Hibernate: 
    select
        max(id) 
    from
        contact
Hibernate: 
    select
        c1_0.id,
        c1_0.company,
        c1_0.create_timestamp,
        c1_0.email,
        c1_0.first_name,
        c1_0.job_title,
        c1_0.last_contact_date,
        c1_0.last_name,
        c1_0.login,
        c1_0.ROWMODID,
        c1_0.notes,
        c1_0.password,
        c1_0.photo_content_type,
        c1_0.photo_url,
        c1_0.ROWID,
        c1_0.sku,
        c1_0.title,
        c1_0.update_timestamp,
        c1_0.uuid,
        c1_0.website 
    from
        contact c1_0 
    where
        c1_0.id=?
Hibernate: 
    /* update
        for org.hibernate.community.dialect.test.Contact */update contact 
    set
        company=?,
        email=?,
        first_name=?,
        job_title=?,
        last_contact_date=?,
        last_name=?,
        login=?,
        notes=?,
        password=?,
        photo_content_type=?,
        photo_url=?,
        title=?,
        website=? 
    where
        id=?
Hibernate: 
    select
        c1_0.id,
        c1_0.company,
        c1_0.create_timestamp,
        c1_0.email,
        c1_0.first_name,
        c1_0.job_title,
        c1_0.last_contact_date,
        c1_0.last_name,
        c1_0.login,
        c1_0.ROWMODID,
        c1_0.notes,
        c1_0.password,
        c1_0.photo_content_type,
        c1_0.photo_url,
        c1_0.ROWID,
        c1_0.sku,
        c1_0.title,
        c1_0.update_timestamp,
        c1_0.uuid,
        c1_0.website 
    from
        contact c1_0 
    where
        c1_0.id=?
]]></system-out>
    <system-err><![CDATA[Jul 09, 2025 2:30:41 PM org.hibernate.engine.internal.StatisticalLoggingSessionEventListener end
INFO: Session Metrics {
    3254899 nanoseconds spent acquiring 4 JDBC connections;
    2768319 nanoseconds spent releasing 4 JDBC connections;
    12380837 nanoseconds spent preparing 5 JDBC statements;
    38065345 nanoseconds spent executing 5 JDBC statements;
    0 nanoseconds spent executing 0 JDBC batches;
    0 nanoseconds spent performing 0 L2C puts;
    0 nanoseconds spent performing 0 L2C hits;
    0 nanoseconds spent performing 0 L2C misses;
    13658313 nanoseconds spent executing 2 flushes (flushing a total of 2 entities and 0 collections);
    0 nanoseconds spent executing 0 pre-partial-flushes;
    0 nanoseconds spent executing 0 partial-flushes (flushing a total of 0 entities and 0 collections)
}
]]></system-err>
  </testcase>
  <testcase name="testModificationCounter" classname="org.hibernate.community.dialect.test.IntegrationTest" time="0.08">
    <system-out><![CDATA[Hibernate: 
    /* insert for
        org.hibernate.community.dialect.test.Contact */insert 
    into
        contact (company, email, first_name, job_title, last_contact_date, last_name, login, notes, password, photo_content_type, photo_url, title, website) 
    values
        (?, ?, ?, ?, ?, ?, ?, ?, ?, ?, ?, ?, ?)
Hibernate: 
    select
        max(id) 
    from
        contact
Hibernate: 
    select
        c1_0.id,
        c1_0.company,
        c1_0.create_timestamp,
        c1_0.email,
        c1_0.first_name,
        c1_0.job_title,
        c1_0.last_contact_date,
        c1_0.last_name,
        c1_0.login,
        c1_0.ROWMODID,
        c1_0.notes,
        c1_0.password,
        c1_0.photo_content_type,
        c1_0.photo_url,
        c1_0.ROWID,
        c1_0.sku,
        c1_0.title,
        c1_0.update_timestamp,
        c1_0.uuid,
        c1_0.website 
    from
        contact c1_0 
    where
        c1_0.id=?
Hibernate: 
    /* update
        for org.hibernate.community.dialect.test.Contact */update contact 
    set
        company=?,
        email=?,
        first_name=?,
        job_title=?,
        last_contact_date=?,
        last_name=?,
        login=?,
        notes=?,
        password=?,
        photo_content_type=?,
        photo_url=?,
        title=?,
        website=? 
    where
        id=?
Hibernate: 
    select
        c1_0.id,
        c1_0.company,
        c1_0.create_timestamp,
        c1_0.email,
        c1_0.first_name,
        c1_0.job_title,
        c1_0.last_contact_date,
        c1_0.last_name,
        c1_0.login,
        c1_0.ROWMODID,
        c1_0.notes,
        c1_0.password,
        c1_0.photo_content_type,
        c1_0.photo_url,
        c1_0.ROWID,
        c1_0.sku,
        c1_0.title,
        c1_0.update_timestamp,
        c1_0.uuid,
        c1_0.website 
    from
        contact c1_0 
    where
        c1_0.id=?
]]></system-out>
    <system-err><![CDATA[Jul 09, 2025 2:30:42 PM org.hibernate.engine.internal.StatisticalLoggingSessionEventListener end
INFO: Session Metrics {
    3068947 nanoseconds spent acquiring 4 JDBC connections;
    2948473 nanoseconds spent releasing 4 JDBC connections;
    10319197 nanoseconds spent preparing 5 JDBC statements;
    39163057 nanoseconds spent executing 5 JDBC statements;
    0 nanoseconds spent executing 0 JDBC batches;
    0 nanoseconds spent performing 0 L2C puts;
    0 nanoseconds spent performing 0 L2C hits;
    0 nanoseconds spent performing 0 L2C misses;
    5047830 nanoseconds spent executing 2 flushes (flushing a total of 2 entities and 0 collections);
    0 nanoseconds spent executing 0 pre-partial-flushes;
    0 nanoseconds spent executing 0 partial-flushes (flushing a total of 0 entities and 0 collections)
}
]]></system-err>
  </testcase>
  <testcase name="testAutoenterValuePersistence" classname="org.hibernate.community.dialect.test.IntegrationTest" time="0.072">
    <system-out><![CDATA[Hibernate: 
    /* insert for
        org.hibernate.community.dialect.test.Contact */insert 
    into
        contact (company, email, first_name, job_title, last_contact_date, last_name, login, notes, password, photo_content_type, photo_url, title, website) 
    values
        (?, ?, ?, ?, ?, ?, ?, ?, ?, ?, ?, ?, ?)
Hibernate: 
    select
        max(id) 
    from
        contact
Hibernate: 
    select
        c1_0.id,
        c1_0.company,
        c1_0.create_timestamp,
        c1_0.email,
        c1_0.first_name,
        c1_0.job_title,
        c1_0.last_contact_date,
        c1_0.last_name,
        c1_0.login,
        c1_0.ROWMODID,
        c1_0.notes,
        c1_0.password,
        c1_0.photo_content_type,
        c1_0.photo_url,
        c1_0.ROWID,
        c1_0.sku,
        c1_0.title,
        c1_0.update_timestamp,
        c1_0.uuid,
        c1_0.website 
    from
        contact c1_0 
    where
        c1_0.id=?
Hibernate: 
    /* update
        for org.hibernate.community.dialect.test.Contact */update contact 
    set
        company=?,
        email=?,
        first_name=?,
        job_title=?,
        last_contact_date=?,
        last_name=?,
        login=?,
        notes=?,
        password=?,
        photo_content_type=?,
        photo_url=?,
        title=?,
        website=? 
    where
        id=?
Hibernate: 
    select
        c1_0.id,
        c1_0.company,
        c1_0.create_timestamp,
        c1_0.email,
        c1_0.first_name,
        c1_0.job_title,
        c1_0.last_contact_date,
        c1_0.last_name,
        c1_0.login,
        c1_0.ROWMODID,
        c1_0.notes,
        c1_0.password,
        c1_0.photo_content_type,
        c1_0.photo_url,
        c1_0.ROWID,
        c1_0.sku,
        c1_0.title,
        c1_0.update_timestamp,
        c1_0.uuid,
        c1_0.website 
    from
        contact c1_0 
    where
        c1_0.id=?
]]></system-out>
    <system-err><![CDATA[Jul 09, 2025 2:30:42 PM org.hibernate.engine.internal.StatisticalLoggingSessionEventListener end
INFO: Session Metrics {
    2970853 nanoseconds spent acquiring 4 JDBC connections;
    2992978 nanoseconds spent releasing 4 JDBC connections;
    9548107 nanoseconds spent preparing 5 JDBC statements;
    34216904 nanoseconds spent executing 5 JDBC statements;
    0 nanoseconds spent executing 0 JDBC batches;
    0 nanoseconds spent performing 0 L2C puts;
    0 nanoseconds spent performing 0 L2C hits;
    0 nanoseconds spent performing 0 L2C misses;
    4528697 nanoseconds spent executing 2 flushes (flushing a total of 2 entities and 0 collections);
    0 nanoseconds spent executing 0 pre-partial-flushes;
    0 nanoseconds spent executing 0 partial-flushes (flushing a total of 0 entities and 0 collections)
}
]]></system-err>
  </testcase>
  <testcase name="testRowIdPersistence" classname="org.hibernate.community.dialect.test.IntegrationTest" time="0.065">
    <system-out><![CDATA[Hibernate: 
    /* insert for
        org.hibernate.community.dialect.test.Contact */insert 
    into
        contact (company, email, first_name, job_title, last_contact_date, last_name, login, notes, password, photo_content_type, photo_url, title, website) 
    values
        (?, ?, ?, ?, ?, ?, ?, ?, ?, ?, ?, ?, ?)
Hibernate: 
    select
        max(id) 
    from
        contact
Hibernate: 
    select
        c1_0.id,
        c1_0.company,
        c1_0.create_timestamp,
        c1_0.email,
        c1_0.first_name,
        c1_0.job_title,
        c1_0.last_contact_date,
        c1_0.last_name,
        c1_0.login,
        c1_0.ROWMODID,
        c1_0.notes,
        c1_0.password,
        c1_0.photo_content_type,
        c1_0.photo_url,
        c1_0.ROWID,
        c1_0.sku,
        c1_0.title,
        c1_0.update_timestamp,
        c1_0.uuid,
        c1_0.website 
    from
        contact c1_0 
    where
        c1_0.id=?
Hibernate: 
    /* update
        for org.hibernate.community.dialect.test.Contact */update contact 
    set
        company=?,
        email=?,
        first_name=?,
        job_title=?,
        last_contact_date=?,
        last_name=?,
        login=?,
        notes=?,
        password=?,
        photo_content_type=?,
        photo_url=?,
        title=?,
        website=? 
    where
        id=?
Hibernate: 
    select
        c1_0.id,
        c1_0.company,
        c1_0.create_timestamp,
        c1_0.email,
        c1_0.first_name,
        c1_0.job_title,
        c1_0.last_contact_date,
        c1_0.last_name,
        c1_0.login,
        c1_0.ROWMODID,
        c1_0.notes,
        c1_0.password,
        c1_0.photo_content_type,
        c1_0.photo_url,
        c1_0.ROWID,
        c1_0.sku,
        c1_0.title,
        c1_0.update_timestamp,
        c1_0.uuid,
        c1_0.website 
    from
        contact c1_0 
    where
        c1_0.id=?
]]></system-out>
    <system-err><![CDATA[Jul 09, 2025 2:30:42 PM org.hibernate.engine.internal.StatisticalLoggingSessionEventListener end
INFO: Session Metrics {
    2764962 nanoseconds spent acquiring 4 JDBC connections;
    2698435 nanoseconds spent releasing 4 JDBC connections;
    8482908 nanoseconds spent preparing 5 JDBC statements;
    31085975 nanoseconds spent executing 5 JDBC statements;
    0 nanoseconds spent executing 0 JDBC batches;
    0 nanoseconds spent performing 0 L2C puts;
    0 nanoseconds spent performing 0 L2C hits;
    0 nanoseconds spent performing 0 L2C misses;
    4621491 nanoseconds spent executing 2 flushes (flushing a total of 2 entities and 0 collections);
    0 nanoseconds spent executing 0 pre-partial-flushes;
    0 nanoseconds spent executing 0 partial-flushes (flushing a total of 0 entities and 0 collections)
}
]]></system-err>
  </testcase>
  <testcase name="testUpdateEntity" classname="org.hibernate.community.dialect.test.IntegrationTest" time="0.061">
    <system-out><![CDATA[Hibernate: 
    /* insert for
        org.hibernate.community.dialect.test.Contact */insert 
    into
        contact (company, email, first_name, job_title, last_contact_date, last_name, login, notes, password, photo_content_type, photo_url, title, website) 
    values
        (?, ?, ?, ?, ?, ?, ?, ?, ?, ?, ?, ?, ?)
Hibernate: 
    select
        max(id) 
    from
        contact
Hibernate: 
    select
        c1_0.id,
        c1_0.company,
        c1_0.create_timestamp,
        c1_0.email,
        c1_0.first_name,
        c1_0.job_title,
        c1_0.last_contact_date,
        c1_0.last_name,
        c1_0.login,
        c1_0.ROWMODID,
        c1_0.notes,
        c1_0.password,
        c1_0.photo_content_type,
        c1_0.photo_url,
        c1_0.ROWID,
        c1_0.sku,
        c1_0.title,
        c1_0.update_timestamp,
        c1_0.uuid,
        c1_0.website 
    from
        contact c1_0 
    where
        c1_0.id=?
Hibernate: 
    /* update
        for org.hibernate.community.dialect.test.Contact */update contact 
    set
        company=?,
        email=?,
        first_name=?,
        job_title=?,
        last_contact_date=?,
        last_name=?,
        login=?,
        notes=?,
        password=?,
        photo_content_type=?,
        photo_url=?,
        title=?,
        website=? 
    where
        id=?
Hibernate: 
    select
        c1_0.id,
        c1_0.company,
        c1_0.create_timestamp,
        c1_0.email,
        c1_0.first_name,
        c1_0.job_title,
        c1_0.last_contact_date,
        c1_0.last_name,
        c1_0.login,
        c1_0.ROWMODID,
        c1_0.notes,
        c1_0.password,
        c1_0.photo_content_type,
        c1_0.photo_url,
        c1_0.ROWID,
        c1_0.sku,
        c1_0.title,
        c1_0.update_timestamp,
        c1_0.uuid,
        c1_0.website 
    from
        contact c1_0 
    where
        c1_0.id=?
]]></system-out>
    <system-err><![CDATA[Jul 09, 2025 2:30:42 PM org.hibernate.engine.internal.StatisticalLoggingSessionEventListener end
INFO: Session Metrics {
    2698180 nanoseconds spent acquiring 4 JDBC connections;
    2606404 nanoseconds spent releasing 4 JDBC connections;
    7667703 nanoseconds spent preparing 5 JDBC statements;
    28681334 nanoseconds spent executing 5 JDBC statements;
    0 nanoseconds spent executing 0 JDBC batches;
    0 nanoseconds spent performing 0 L2C puts;
    0 nanoseconds spent performing 0 L2C hits;
    0 nanoseconds spent performing 0 L2C misses;
    3563594 nanoseconds spent executing 2 flushes (flushing a total of 2 entities and 0 collections);
    0 nanoseconds spent executing 0 pre-partial-flushes;
    0 nanoseconds spent executing 0 partial-flushes (flushing a total of 0 entities and 0 collections)
}
]]></system-err>
  </testcase>
  <testcase name="testDeleteEntity" classname="org.hibernate.community.dialect.test.IntegrationTest" time="0.054">
    <system-out><![CDATA[Hibernate: 
    /* insert for
        org.hibernate.community.dialect.test.Contact */insert 
    into
        contact (company, email, first_name, job_title, last_contact_date, last_name, login, notes, password, photo_content_type, photo_url, title, website) 
    values
        (?, ?, ?, ?, ?, ?, ?, ?, ?, ?, ?, ?, ?)
Hibernate: 
    select
        max(id) 
    from
        contact
Hibernate: 
    /* delete for org.hibernate.community.dialect.test.Contact */delete 
    from
        contact 
    where
        id=?
Hibernate: 
    select
        c1_0.id,
        c1_0.company,
        c1_0.create_timestamp,
        c1_0.email,
        c1_0.first_name,
        c1_0.job_title,
        c1_0.last_contact_date,
        c1_0.last_name,
        c1_0.login,
        c1_0.ROWMODID,
        c1_0.notes,
        c1_0.password,
        c1_0.photo_content_type,
        c1_0.photo_url,
        c1_0.ROWID,
        c1_0.sku,
        c1_0.title,
        c1_0.update_timestamp,
        c1_0.uuid,
        c1_0.website 
    from
        contact c1_0 
    where
        c1_0.id=?
]]></system-out>
    <system-err><![CDATA[Jul 09, 2025 2:30:42 PM org.hibernate.engine.internal.StatisticalLoggingSessionEventListener end
INFO: Session Metrics {
    1980935 nanoseconds spent acquiring 3 JDBC connections;
    2143587 nanoseconds spent releasing 3 JDBC connections;
    6677850 nanoseconds spent preparing 4 JDBC statements;
    22184988 nanoseconds spent executing 4 JDBC statements;
    0 nanoseconds spent executing 0 JDBC batches;
    0 nanoseconds spent performing 0 L2C puts;
    0 nanoseconds spent performing 0 L2C hits;
    0 nanoseconds spent performing 0 L2C misses;
    6299540 nanoseconds spent executing 2 flushes (flushing a total of 2 entities and 0 collections);
    0 nanoseconds spent executing 0 pre-partial-flushes;
    0 nanoseconds spent executing 0 partial-flushes (flushing a total of 0 entities and 0 collections)
}
]]></system-err>
  </testcase>
  <testcase name="testAdvancedQueries" classname="org.hibernate.community.dialect.test.IntegrationTest" time="0.592">
    <system-out><![CDATA[Hibernate: 
    /* insert for
        org.hibernate.community.dialect.test.Contact */insert 
    into
        contact (company, email, first_name, job_title, last_contact_date, last_name, login, notes, password, photo_content_type, photo_url, title, website) 
    values
        (?, ?, ?, ?, ?, ?, ?, ?, ?, ?, ?, ?, ?)
Hibernate: 
    select
        max(id) 
    from
        contact
Hibernate: 
    /* insert for
        org.hibernate.community.dialect.test.Contact */insert 
    into
        contact (company, email, first_name, job_title, last_contact_date, last_name, login, notes, password, photo_content_type, photo_url, title, website) 
    values
        (?, ?, ?, ?, ?, ?, ?, ?, ?, ?, ?, ?, ?)
Hibernate: 
    select
        max(id) 
    from
        contact
Hibernate: 
    /* insert for
        org.hibernate.community.dialect.test.Contact */insert 
    into
        contact (company, email, first_name, job_title, last_contact_date, last_name, login, notes, password, photo_content_type, photo_url, title, website) 
    values
        (?, ?, ?, ?, ?, ?, ?, ?, ?, ?, ?, ?, ?)
Hibernate: 
    select
        max(id) 
    from
        contact
Hibernate: 
    /* 
FROM
    Contact c 
WHERE
    c.company = :company */ select
        c1_0.id,
        c1_0.company,
        c1_0.create_timestamp,
        c1_0.email,
        c1_0.first_name,
        c1_0.job_title,
        c1_0.last_contact_date,
        c1_0.last_name,
        c1_0.login,
        c1_0.ROWMODID,
        c1_0.notes,
        c1_0.password,
        c1_0.photo_content_type,
        c1_0.photo_url,
        c1_0.ROWID,
        c1_0.sku,
        c1_0.title,
        c1_0.update_timestamp,
        c1_0.uuid,
        c1_0.website 
    from
        contact c1_0 
    where
        c1_0.company=?
Hibernate: 
    /* 
FROM
    Contact c 
WHERE
    c.jobTitle LIKE :pattern */ select
        c1_0.id,
        c1_0.company,
        c1_0.create_timestamp,
        c1_0.email,
        c1_0.first_name,
        c1_0.job_title,
        c1_0.last_contact_date,
        c1_0.last_name,
        c1_0.login,
        c1_0.ROWMODID,
        c1_0.notes,
        c1_0.password,
        c1_0.photo_content_type,
        c1_0.photo_url,
        c1_0.ROWID,
        c1_0.sku,
        c1_0.title,
        c1_0.update_timestamp,
        c1_0.uuid,
        c1_0.website 
    from
        contact c1_0 
    where
        c1_0.job_title like ?
Hibernate: 
    /* 
FROM
    Contact c 
WHERE
    c.company = :company 
    AND c.jobTitle LIKE :jobPattern 
    AND c.email LIKE :emailPattern */ select
        c1_0.id,
        c1_0.company,
        c1_0.create_timestamp,
        c1_0.email,
        c1_0.first_name,
        c1_0.job_title,
        c1_0.last_contact_date,
        c1_0.last_name,
        c1_0.login,
        c1_0.ROWMODID,
        c1_0.notes,
        c1_0.password,
        c1_0.photo_content_type,
        c1_0.photo_url,
        c1_0.ROWID,
        c1_0.sku,
        c1_0.title,
        c1_0.update_timestamp,
        c1_0.uuid,
        c1_0.website 
    from
        contact c1_0 
    where
        c1_0.company=? 
        and c1_0.job_title like ? 
        and c1_0.email like ?
Hibernate: 
    /* delete for org.hibernate.community.dialect.test.Contact */delete 
    from
        contact 
    where
        id=?
Hibernate: 
    /* delete for org.hibernate.community.dialect.test.Contact */delete 
    from
        contact 
    where
        id=?
Hibernate: 
    /* delete for org.hibernate.community.dialect.test.Contact */delete 
    from
        contact 
    where
        id=?
]]></system-out>
    <system-err><![CDATA[Jul 09, 2025 2:30:42 PM org.hibernate.engine.internal.StatisticalLoggingSessionEventListener end
INFO: Session Metrics {
    4204193 nanoseconds spent acquiring 5 JDBC connections;
    3382695 nanoseconds spent releasing 5 JDBC connections;
    19642206 nanoseconds spent preparing 12 JDBC statements;
    70232359 nanoseconds spent executing 12 JDBC statements;
    0 nanoseconds spent executing 0 JDBC batches;
    0 nanoseconds spent performing 0 L2C puts;
    0 nanoseconds spent performing 0 L2C hits;
    0 nanoseconds spent performing 0 L2C misses;
    13204716 nanoseconds spent executing 2 flushes (flushing a total of 17 entities and 0 collections);
    0 nanoseconds spent executing 0 pre-partial-flushes;
    0 nanoseconds spent executing 0 partial-flushes (flushing a total of 0 entities and 0 collections)
}
]]></system-err>
  </testcase>
  <testcase name="testTransactionRollback" classname="org.hibernate.community.dialect.test.IntegrationTest" time="0.082">
    <system-out><![CDATA[Hibernate: 
    /* insert for
        org.hibernate.community.dialect.test.Contact */insert 
    into
        contact (company, email, first_name, job_title, last_contact_date, last_name, login, notes, password, photo_content_type, photo_url, title, website) 
    values
        (?, ?, ?, ?, ?, ?, ?, ?, ?, ?, ?, ?, ?)
Hibernate: 
    select
        max(id) 
    from
        contact
Hibernate: 
    select
        c1_0.id,
        c1_0.company,
        c1_0.create_timestamp,
        c1_0.email,
        c1_0.first_name,
        c1_0.job_title,
        c1_0.last_contact_date,
        c1_0.last_name,
        c1_0.login,
        c1_0.ROWMODID,
        c1_0.notes,
        c1_0.password,
        c1_0.photo_content_type,
        c1_0.photo_url,
        c1_0.ROWID,
        c1_0.sku,
        c1_0.title,
        c1_0.update_timestamp,
        c1_0.uuid,
        c1_0.website 
    from
        contact c1_0 
    where
        c1_0.id=?
Hibernate: 
    select
        c1_0.id,
        c1_0.company,
        c1_0.create_timestamp,
        c1_0.email,
        c1_0.first_name,
        c1_0.job_title,
        c1_0.last_contact_date,
        c1_0.last_name,
        c1_0.login,
        c1_0.ROWMODID,
        c1_0.notes,
        c1_0.password,
        c1_0.photo_content_type,
        c1_0.photo_url,
        c1_0.ROWID,
        c1_0.sku,
        c1_0.title,
        c1_0.update_timestamp,
        c1_0.uuid,
        c1_0.website 
    from
        contact c1_0 
    where
        c1_0.id=?
Hibernate: 
    /* delete for org.hibernate.community.dialect.test.Contact */delete 
    from
        contact 
    where
        id=?
]]></system-out>
    <system-err><![CDATA[Jul 09, 2025 2:30:42 PM org.hibernate.engine.internal.StatisticalLoggingSessionEventListener end
INFO: Session Metrics {
    3540741 nanoseconds spent acquiring 5 JDBC connections;
    4019999 nanoseconds spent releasing 5 JDBC connections;
    10747137 nanoseconds spent preparing 5 JDBC statements;
    39632961 nanoseconds spent executing 5 JDBC statements;
    0 nanoseconds spent executing 0 JDBC batches;
    0 nanoseconds spent performing 0 L2C puts;
    0 nanoseconds spent performing 0 L2C hits;
    0 nanoseconds spent performing 0 L2C misses;
    3599006 nanoseconds spent executing 2 flushes (flushing a total of 2 entities and 0 collections);
    0 nanoseconds spent executing 0 pre-partial-flushes;
    0 nanoseconds spent executing 0 partial-flushes (flushing a total of 0 entities and 0 collections)
}
]]></system-err>
  </testcase>
  <testcase name="testBatchOperations" classname="org.hibernate.community.dialect.test.IntegrationTest" time="0.212">
    <system-out><![CDATA[Hibernate: 
    /* insert for
        org.hibernate.community.dialect.test.Contact */insert 
    into
        contact (company, email, first_name, job_title, last_contact_date, last_name, login, notes, password, photo_content_type, photo_url, title, website) 
    values
        (?, ?, ?, ?, ?, ?, ?, ?, ?, ?, ?, ?, ?)
Hibernate: 
    select
        max(id) 
    from
        contact
Hibernate: 
    /* insert for
        org.hibernate.community.dialect.test.Contact */insert 
    into
        contact (company, email, first_name, job_title, last_contact_date, last_name, login, notes, password, photo_content_type, photo_url, title, website) 
    values
        (?, ?, ?, ?, ?, ?, ?, ?, ?, ?, ?, ?, ?)
Hibernate: 
    select
        max(id) 
    from
        contact
Hibernate: 
    /* insert for
        org.hibernate.community.dialect.test.Contact */insert 
    into
        contact (company, email, first_name, job_title, last_contact_date, last_name, login, notes, password, photo_content_type, photo_url, title, website) 
    values
        (?, ?, ?, ?, ?, ?, ?, ?, ?, ?, ?, ?, ?)
Hibernate: 
    select
        max(id) 
    from
        contact
Hibernate: 
    /* insert for
        org.hibernate.community.dialect.test.Contact */insert 
    into
        contact (company, email, first_name, job_title, last_contact_date, last_name, login, notes, password, photo_content_type, photo_url, title, website) 
    values
        (?, ?, ?, ?, ?, ?, ?, ?, ?, ?, ?, ?, ?)
Hibernate: 
    select
        max(id) 
    from
        contact
Hibernate: 
    /* insert for
        org.hibernate.community.dialect.test.Contact */insert 
    into
        contact (company, email, first_name, job_title, last_contact_date, last_name, login, notes, password, photo_content_type, photo_url, title, website) 
    values
        (?, ?, ?, ?, ?, ?, ?, ?, ?, ?, ?, ?, ?)
Hibernate: 
    select
        max(id) 
    from
        contact
Hibernate: 
    /* SELECT
        COUNT(c) 
    FROM
        Contact c 
    WHERE
        c.email LIKE :pattern */ select
            count(c1_0.id) 
        from
            contact c1_0 
        where
            c1_0.email like ?
Hibernate: 
    /* DELETE 
    FROM
        Contact c 
    WHERE
        c.email LIKE :pattern */ delete 
    from
        contact 
    where
        email like ?
]]></system-out>
    <system-err><![CDATA[Jul 09, 2025 2:30:43 PM org.hibernate.engine.internal.StatisticalLoggingSessionEventListener end
INFO: Session Metrics {
    2272992 nanoseconds spent acquiring 3 JDBC connections;
    2213687 nanoseconds spent releasing 3 JDBC connections;
    15010322 nanoseconds spent preparing 12 JDBC statements;
    93875966 nanoseconds spent executing 12 JDBC statements;
    0 nanoseconds spent executing 0 JDBC batches;
    0 nanoseconds spent performing 0 L2C puts;
    0 nanoseconds spent performing 0 L2C hits;
    0 nanoseconds spent performing 0 L2C misses;
    369946 nanoseconds spent executing 2 flushes (flushing a total of 5 entities and 0 collections);
    0 nanoseconds spent executing 0 pre-partial-flushes;
    252454 nanoseconds spent executing 1 partial-flushes (flushing a total of 0 entities and 0 collections)
}
]]></system-err>
  </testcase>
</testsuite>