<?xml version="1.0" encoding="UTF-8"?>
<testsuite xmlns:xsi="http://www.w3.org/2001/XMLSchema-instance" xsi:noNamespaceSchemaLocation="https://maven.apache.org/surefire/maven-surefire-plugin/xsd/surefire-test-report-3.0.xsd" version="3.0" name="org.hibernate.community.dialect.test.PaginationTest" time="20.582" tests="7" errors="0" skipped="2" failures="0">
  <properties>
[...]
</properties>
  <testcase name="testLimitHandler" classname="org.hibernate.community.dialect.test.PaginationTest" time="3.939">
    <system-out><![CDATA[Hibernate: 
    /* DELETE 
    FROM
        Contact c 
    WHERE
        c.email LIKE 'user%@test.com' */ delete 
    from
        contact 
    where
        email like 'user%@test.com'
Hibernate: 
    /* insert for
        org.hibernate.community.dialect.test.Contact */insert 
    into
        contact (company, create_date, create_time, email, first_name, job_title, last_contact_date, last_name, login, notes, password, photo_content_type, photo_url, title, website) 
    values
        (?, ?, ?, ?, ?, ?, ?, ?, ?, ?, ?, ?, ?, ?, ?)
Hibernate: 
    select
        id 
    from
        contact 
    where
        ROWID = (
            select
                max(ROWID) 
            from
                contact
        )
Hibernate: 
    /* insert for
        org.hibernate.community.dialect.test.Contact */insert 
    into
        contact (company, create_date, create_time, email, first_name, job_title, last_contact_date, last_name, login, notes, password, photo_content_type, photo_url, title, website) 
    values
        (?, ?, ?, ?, ?, ?, ?, ?, ?, ?, ?, ?, ?, ?, ?)
Hibernate: 
    select
        id 
    from
        contact 
    where
        ROWID = (
            select
                max(ROWID) 
            from
                contact
        )
Hibernate: 
    /* insert for
        org.hibernate.community.dialect.test.Contact */insert 
    into
        contact (company, create_date, create_time, email, first_name, job_title, last_contact_date, last_name, login, notes, password, photo_content_type, photo_url, title, website) 
    values
        (?, ?, ?, ?, ?, ?, ?, ?, ?, ?, ?, ?, ?, ?, ?)
Hibernate: 
    select
        id 
    from
        contact 
    where
        ROWID = (
            select
                max(ROWID) 
            from
                contact
        )
Hibernate: 
    /* insert for
        org.hibernate.community.dialect.test.Contact */insert 
    into
        contact (company, create_date, create_time, email, first_name, job_title, last_contact_date, last_name, login, notes, password, photo_content_type, photo_url, title, website) 
    values
        (?, ?, ?, ?, ?, ?, ?, ?, ?, ?, ?, ?, ?, ?, ?)
Hibernate: 
    select
        id 
    from
        contact 
    where
        ROWID = (
            select
                max(ROWID) 
            from
                contact
        )
Hibernate: 
    /* insert for
        org.hibernate.community.dialect.test.Contact */insert 
    into
        contact (company, create_date, create_time, email, first_name, job_title, last_contact_date, last_name, login, notes, password, photo_content_type, photo_url, title, website) 
    values
        (?, ?, ?, ?, ?, ?, ?, ?, ?, ?, ?, ?, ?, ?, ?)
Hibernate: 
    select
        id 
    from
        contact 
    where
        ROWID = (
            select
                max(ROWID) 
            from
                contact
        )
Hibernate: 
    /* insert for
        org.hibernate.community.dialect.test.Contact */insert 
    into
        contact (company, create_date, create_time, email, first_name, job_title, last_contact_date, last_name, login, notes, password, photo_content_type, photo_url, title, website) 
    values
        (?, ?, ?, ?, ?, ?, ?, ?, ?, ?, ?, ?, ?, ?, ?)
Hibernate: 
    select
        id 
    from
        contact 
    where
        ROWID = (
            select
                max(ROWID) 
            from
                contact
        )
Hibernate: 
    /* insert for
        org.hibernate.community.dialect.test.Contact */insert 
    into
        contact (company, create_date, create_time, email, first_name, job_title, last_contact_date, last_name, login, notes, password, photo_content_type, photo_url, title, website) 
    values
        (?, ?, ?, ?, ?, ?, ?, ?, ?, ?, ?, ?, ?, ?, ?)
Hibernate: 
    select
        id 
    from
        contact 
    where
        ROWID = (
            select
                max(ROWID) 
            from
                contact
        )
Hibernate: 
    /* insert for
        org.hibernate.community.dialect.test.Contact */insert 
    into
        contact (company, create_date, create_time, email, first_name, job_title, last_contact_date, last_name, login, notes, password, photo_content_type, photo_url, title, website) 
    values
        (?, ?, ?, ?, ?, ?, ?, ?, ?, ?, ?, ?, ?, ?, ?)
Hibernate: 
    select
        id 
    from
        contact 
    where
        ROWID = (
            select
                max(ROWID) 
            from
                contact
        )
Hibernate: 
    /* insert for
        org.hibernate.community.dialect.test.Contact */insert 
    into
        contact (company, create_date, create_time, email, first_name, job_title, last_contact_date, last_name, login, notes, password, photo_content_type, photo_url, title, website) 
    values
        (?, ?, ?, ?, ?, ?, ?, ?, ?, ?, ?, ?, ?, ?, ?)
Hibernate: 
    select
        id 
    from
        contact 
    where
        ROWID = (
            select
                max(ROWID) 
            from
                contact
        )
Hibernate: 
    /* insert for
        org.hibernate.community.dialect.test.Contact */insert 
    into
        contact (company, create_date, create_time, email, first_name, job_title, last_contact_date, last_name, login, notes, password, photo_content_type, photo_url, title, website) 
    values
        (?, ?, ?, ?, ?, ?, ?, ?, ?, ?, ?, ?, ?, ?, ?)
Hibernate: 
    select
        id 
    from
        contact 
    where
        ROWID = (
            select
                max(ROWID) 
            from
                contact
        )
Hibernate: 
    /* DELETE 
    FROM
        Contact c 
    WHERE
        c.email LIKE 'user%@test.com' */ delete 
    from
        contact 
    where
        email like 'user%@test.com'
]]></system-out>
    <system-err><![CDATA[Nov 27, 2025 8:05:11 PM org.hibernate.engine.internal.StatisticalLoggingSessionEventListener end
INFO: Session Metrics {
    81824832 nanoseconds spent acquiring 3 JDBC connections;
    81396541 nanoseconds spent releasing 3 JDBC connections;
    699980457 nanoseconds spent preparing 22 JDBC statements;
    1228318501 nanoseconds spent executing 22 JDBC statements;
    0 nanoseconds spent executing 0 JDBC batches;
    0 nanoseconds spent performing 0 L2C puts;
    0 nanoseconds spent performing 0 L2C hits;
    0 nanoseconds spent performing 0 L2C misses;
    1250876 nanoseconds spent executing 4 flushes (flushing a total of 40 entities and 0 collections);
    0 nanoseconds spent executing 0 pre-partial-flushes;
    634082 nanoseconds spent executing 2 partial-flushes (flushing a total of 10 entities and 10 collections)
}
]]></system-err>
  </testcase>
  <testcase name="testSimplePagination" classname="org.hibernate.community.dialect.test.PaginationTest" time="4.147">
    <system-out><![CDATA[Hibernate: 
    /* DELETE 
    FROM
        Contact c 
    WHERE
        c.email LIKE 'user%@test.com' */ delete 
    from
        contact 
    where
        email like 'user%@test.com'
Hibernate: 
    /* insert for
        org.hibernate.community.dialect.test.Contact */insert 
    into
        contact (company, create_date, create_time, email, first_name, job_title, last_contact_date, last_name, login, notes, password, photo_content_type, photo_url, title, website) 
    values
        (?, ?, ?, ?, ?, ?, ?, ?, ?, ?, ?, ?, ?, ?, ?)
Hibernate: 
    select
        id 
    from
        contact 
    where
        ROWID = (
            select
                max(ROWID) 
            from
                contact
        )
Hibernate: 
    /* insert for
        org.hibernate.community.dialect.test.Contact */insert 
    into
        contact (company, create_date, create_time, email, first_name, job_title, last_contact_date, last_name, login, notes, password, photo_content_type, photo_url, title, website) 
    values
        (?, ?, ?, ?, ?, ?, ?, ?, ?, ?, ?, ?, ?, ?, ?)
Hibernate: 
    select
        id 
    from
        contact 
    where
        ROWID = (
            select
                max(ROWID) 
            from
                contact
        )
Hibernate: 
    /* insert for
        org.hibernate.community.dialect.test.Contact */insert 
    into
        contact (company, create_date, create_time, email, first_name, job_title, last_contact_date, last_name, login, notes, password, photo_content_type, photo_url, title, website) 
    values
        (?, ?, ?, ?, ?, ?, ?, ?, ?, ?, ?, ?, ?, ?, ?)
Hibernate: 
    select
        id 
    from
        contact 
    where
        ROWID = (
            select
                max(ROWID) 
            from
                contact
        )
Hibernate: 
    /* insert for
        org.hibernate.community.dialect.test.Contact */insert 
    into
        contact (company, create_date, create_time, email, first_name, job_title, last_contact_date, last_name, login, notes, password, photo_content_type, photo_url, title, website) 
    values
        (?, ?, ?, ?, ?, ?, ?, ?, ?, ?, ?, ?, ?, ?, ?)
Hibernate: 
    select
        id 
    from
        contact 
    where
        ROWID = (
            select
                max(ROWID) 
            from
                contact
        )
Hibernate: 
    /* insert for
        org.hibernate.community.dialect.test.Contact */insert 
    into
        contact (company, create_date, create_time, email, first_name, job_title, last_contact_date, last_name, login, notes, password, photo_content_type, photo_url, title, website) 
    values
        (?, ?, ?, ?, ?, ?, ?, ?, ?, ?, ?, ?, ?, ?, ?)
Hibernate: 
    select
        id 
    from
        contact 
    where
        ROWID = (
            select
                max(ROWID) 
            from
                contact
        )
Hibernate: 
    /* insert for
        org.hibernate.community.dialect.test.Contact */insert 
    into
        contact (company, create_date, create_time, email, first_name, job_title, last_contact_date, last_name, login, notes, password, photo_content_type, photo_url, title, website) 
    values
        (?, ?, ?, ?, ?, ?, ?, ?, ?, ?, ?, ?, ?, ?, ?)
Hibernate: 
    select
        id 
    from
        contact 
    where
        ROWID = (
            select
                max(ROWID) 
            from
                contact
        )
Hibernate: 
    /* insert for
        org.hibernate.community.dialect.test.Contact */insert 
    into
        contact (company, create_date, create_time, email, first_name, job_title, last_contact_date, last_name, login, notes, password, photo_content_type, photo_url, title, website) 
    values
        (?, ?, ?, ?, ?, ?, ?, ?, ?, ?, ?, ?, ?, ?, ?)
Hibernate: 
    select
        id 
    from
        contact 
    where
        ROWID = (
            select
                max(ROWID) 
            from
                contact
        )
Hibernate: 
    /* insert for
        org.hibernate.community.dialect.test.Contact */insert 
    into
        contact (company, create_date, create_time, email, first_name, job_title, last_contact_date, last_name, login, notes, password, photo_content_type, photo_url, title, website) 
    values
        (?, ?, ?, ?, ?, ?, ?, ?, ?, ?, ?, ?, ?, ?, ?)
Hibernate: 
    select
        id 
    from
        contact 
    where
        ROWID = (
            select
                max(ROWID) 
            from
                contact
        )
Hibernate: 
    /* insert for
        org.hibernate.community.dialect.test.Contact */insert 
    into
        contact (company, create_date, create_time, email, first_name, job_title, last_contact_date, last_name, login, notes, password, photo_content_type, photo_url, title, website) 
    values
        (?, ?, ?, ?, ?, ?, ?, ?, ?, ?, ?, ?, ?, ?, ?)
Hibernate: 
    select
        id 
    from
        contact 
    where
        ROWID = (
            select
                max(ROWID) 
            from
                contact
        )
Hibernate: 
    /* insert for
        org.hibernate.community.dialect.test.Contact */insert 
    into
        contact (company, create_date, create_time, email, first_name, job_title, last_contact_date, last_name, login, notes, password, photo_content_type, photo_url, title, website) 
    values
        (?, ?, ?, ?, ?, ?, ?, ?, ?, ?, ?, ?, ?, ?, ?)
Hibernate: 
    select
        id 
    from
        contact 
    where
        ROWID = (
            select
                max(ROWID) 
            from
                contact
        )
Hibernate: 
    /* SELECT
        COUNT(c) 
    FROM
        Contact c 
    WHERE
        c.email LIKE 'user%@test.com' */ select
            count(c1_0.id) 
        from
            contact c1_0 
        where
            c1_0.email like 'user%@test.com'
Hibernate: 
    /* SELECT
        c.email 
    FROM
        Contact c 
    WHERE
        c.email LIKE 'user%@test.com' 
    ORDER BY
        c.id 
    FETCH
        FIRST 5 ROWS ONLY */ select
            c1_0.email 
        from
            contact c1_0 
        where
            c1_0.email like 'user%@test.com' 
        order by
            c1_0.id 
        fetch
            first 5 rows only
Hibernate: 
    /* DELETE 
    FROM
        Contact c 
    WHERE
        c.email LIKE 'user%@test.com' */ delete 
    from
        contact 
    where
        email like 'user%@test.com'
]]></system-out>
    <system-err><![CDATA[Nov 27, 2025 8:05:15 PM org.hibernate.engine.internal.StatisticalLoggingSessionEventListener end
INFO: Session Metrics {
    109549792 nanoseconds spent acquiring 4 JDBC connections;
    107871875 nanoseconds spent releasing 4 JDBC connections;
    718694751 nanoseconds spent preparing 24 JDBC statements;
    1289526624 nanoseconds spent executing 24 JDBC statements;
    0 nanoseconds spent executing 0 JDBC batches;
    0 nanoseconds spent performing 0 L2C puts;
    0 nanoseconds spent performing 0 L2C hits;
    0 nanoseconds spent performing 0 L2C misses;
    1182165 nanoseconds spent executing 5 flushes (flushing a total of 50 entities and 0 collections);
    57196270110001 nanoseconds spent executing 2 pre-partial-flushes;
    1862500 nanoseconds spent executing 4 partial-flushes (flushing a total of 30 entities and 30 collections)
}
]]></system-err>
  </testcase>
  <testcase name="testOffsetPagination" classname="org.hibernate.community.dialect.test.PaginationTest" time="3.957">
    <system-out><![CDATA[Hibernate: 
    /* DELETE 
    FROM
        Contact c 
    WHERE
        c.email LIKE 'user%@test.com' */ delete 
    from
        contact 
    where
        email like 'user%@test.com'
Hibernate: 
    /* insert for
        org.hibernate.community.dialect.test.Contact */insert 
    into
        contact (company, create_date, create_time, email, first_name, job_title, last_contact_date, last_name, login, notes, password, photo_content_type, photo_url, title, website) 
    values
        (?, ?, ?, ?, ?, ?, ?, ?, ?, ?, ?, ?, ?, ?, ?)
Hibernate: 
    select
        id 
    from
        contact 
    where
        ROWID = (
            select
                max(ROWID) 
            from
                contact
        )
Hibernate: 
    /* insert for
        org.hibernate.community.dialect.test.Contact */insert 
    into
        contact (company, create_date, create_time, email, first_name, job_title, last_contact_date, last_name, login, notes, password, photo_content_type, photo_url, title, website) 
    values
        (?, ?, ?, ?, ?, ?, ?, ?, ?, ?, ?, ?, ?, ?, ?)
Hibernate: 
    select
        id 
    from
        contact 
    where
        ROWID = (
            select
                max(ROWID) 
            from
                contact
        )
Hibernate: 
    /* insert for
        org.hibernate.community.dialect.test.Contact */insert 
    into
        contact (company, create_date, create_time, email, first_name, job_title, last_contact_date, last_name, login, notes, password, photo_content_type, photo_url, title, website) 
    values
        (?, ?, ?, ?, ?, ?, ?, ?, ?, ?, ?, ?, ?, ?, ?)
Hibernate: 
    select
        id 
    from
        contact 
    where
        ROWID = (
            select
                max(ROWID) 
            from
                contact
        )
Hibernate: 
    /* insert for
        org.hibernate.community.dialect.test.Contact */insert 
    into
        contact (company, create_date, create_time, email, first_name, job_title, last_contact_date, last_name, login, notes, password, photo_content_type, photo_url, title, website) 
    values
        (?, ?, ?, ?, ?, ?, ?, ?, ?, ?, ?, ?, ?, ?, ?)
Hibernate: 
    select
        id 
    from
        contact 
    where
        ROWID = (
            select
                max(ROWID) 
            from
                contact
        )
Hibernate: 
    /* insert for
        org.hibernate.community.dialect.test.Contact */insert 
    into
        contact (company, create_date, create_time, email, first_name, job_title, last_contact_date, last_name, login, notes, password, photo_content_type, photo_url, title, website) 
    values
        (?, ?, ?, ?, ?, ?, ?, ?, ?, ?, ?, ?, ?, ?, ?)
Hibernate: 
    select
        id 
    from
        contact 
    where
        ROWID = (
            select
                max(ROWID) 
            from
                contact
        )
Hibernate: 
    /* insert for
        org.hibernate.community.dialect.test.Contact */insert 
    into
        contact (company, create_date, create_time, email, first_name, job_title, last_contact_date, last_name, login, notes, password, photo_content_type, photo_url, title, website) 
    values
        (?, ?, ?, ?, ?, ?, ?, ?, ?, ?, ?, ?, ?, ?, ?)
Hibernate: 
    select
        id 
    from
        contact 
    where
        ROWID = (
            select
                max(ROWID) 
            from
                contact
        )
Hibernate: 
    /* insert for
        org.hibernate.community.dialect.test.Contact */insert 
    into
        contact (company, create_date, create_time, email, first_name, job_title, last_contact_date, last_name, login, notes, password, photo_content_type, photo_url, title, website) 
    values
        (?, ?, ?, ?, ?, ?, ?, ?, ?, ?, ?, ?, ?, ?, ?)
Hibernate: 
    select
        id 
    from
        contact 
    where
        ROWID = (
            select
                max(ROWID) 
            from
                contact
        )
Hibernate: 
    /* insert for
        org.hibernate.community.dialect.test.Contact */insert 
    into
        contact (company, create_date, create_time, email, first_name, job_title, last_contact_date, last_name, login, notes, password, photo_content_type, photo_url, title, website) 
    values
        (?, ?, ?, ?, ?, ?, ?, ?, ?, ?, ?, ?, ?, ?, ?)
Hibernate: 
    select
        id 
    from
        contact 
    where
        ROWID = (
            select
                max(ROWID) 
            from
                contact
        )
Hibernate: 
    /* insert for
        org.hibernate.community.dialect.test.Contact */insert 
    into
        contact (company, create_date, create_time, email, first_name, job_title, last_contact_date, last_name, login, notes, password, photo_content_type, photo_url, title, website) 
    values
        (?, ?, ?, ?, ?, ?, ?, ?, ?, ?, ?, ?, ?, ?, ?)
Hibernate: 
    select
        id 
    from
        contact 
    where
        ROWID = (
            select
                max(ROWID) 
            from
                contact
        )
Hibernate: 
    /* insert for
        org.hibernate.community.dialect.test.Contact */insert 
    into
        contact (company, create_date, create_time, email, first_name, job_title, last_contact_date, last_name, login, notes, password, photo_content_type, photo_url, title, website) 
    values
        (?, ?, ?, ?, ?, ?, ?, ?, ?, ?, ?, ?, ?, ?, ?)
Hibernate: 
    select
        id 
    from
        contact 
    where
        ROWID = (
            select
                max(ROWID) 
            from
                contact
        )
Hibernate: 
    /* SELECT
        c.email 
    FROM
        Contact c 
    WHERE
        c.email LIKE 'user%@test.com' 
    ORDER BY
        c.id 
    OFFSET
        3 ROWS 
    FETCH
        FIRST 3 ROWS ONLY */ select
            c1_0.email 
        from
            contact c1_0 
        where
            c1_0.email like 'user%@test.com' 
        order by
            c1_0.id 
        offset
            3 rows 
        fetch
            first 3 rows only
Hibernate: 
    /* DELETE 
    FROM
        Contact c 
    WHERE
        c.email LIKE 'user%@test.com' */ delete 
    from
        contact 
    where
        email like 'user%@test.com'
]]></system-out>
    <system-err><![CDATA[Nov 27, 2025 8:05:19 PM org.hibernate.engine.internal.StatisticalLoggingSessionEventListener end
INFO: Session Metrics {
    125175207 nanoseconds spent acquiring 4 JDBC connections;
    110328500 nanoseconds spent releasing 4 JDBC connections;
    679064626 nanoseconds spent preparing 23 JDBC statements;
    1257017964 nanoseconds spent executing 23 JDBC statements;
    0 nanoseconds spent executing 0 JDBC batches;
    0 nanoseconds spent performing 0 L2C puts;
    0 nanoseconds spent performing 0 L2C hits;
    0 nanoseconds spent performing 0 L2C misses;
    1404167 nanoseconds spent executing 5 flushes (flushing a total of 50 entities and 0 collections);
    28602222364626 nanoseconds spent executing 1 pre-partial-flushes;
    403459 nanoseconds spent executing 3 partial-flushes (flushing a total of 20 entities and 20 collections)
}
]]></system-err>
  </testcase>
  <testcase name="testOrderedPagination" classname="org.hibernate.community.dialect.test.PaginationTest" time="4.043">
    <system-out><![CDATA[Hibernate: 
    /* DELETE 
    FROM
        Contact c 
    WHERE
        c.email LIKE 'user%@test.com' */ delete 
    from
        contact 
    where
        email like 'user%@test.com'
Hibernate: 
    /* insert for
        org.hibernate.community.dialect.test.Contact */insert 
    into
        contact (company, create_date, create_time, email, first_name, job_title, last_contact_date, last_name, login, notes, password, photo_content_type, photo_url, title, website) 
    values
        (?, ?, ?, ?, ?, ?, ?, ?, ?, ?, ?, ?, ?, ?, ?)
Hibernate: 
    select
        id 
    from
        contact 
    where
        ROWID = (
            select
                max(ROWID) 
            from
                contact
        )
Hibernate: 
    /* insert for
        org.hibernate.community.dialect.test.Contact */insert 
    into
        contact (company, create_date, create_time, email, first_name, job_title, last_contact_date, last_name, login, notes, password, photo_content_type, photo_url, title, website) 
    values
        (?, ?, ?, ?, ?, ?, ?, ?, ?, ?, ?, ?, ?, ?, ?)
Hibernate: 
    select
        id 
    from
        contact 
    where
        ROWID = (
            select
                max(ROWID) 
            from
                contact
        )
Hibernate: 
    /* insert for
        org.hibernate.community.dialect.test.Contact */insert 
    into
        contact (company, create_date, create_time, email, first_name, job_title, last_contact_date, last_name, login, notes, password, photo_content_type, photo_url, title, website) 
    values
        (?, ?, ?, ?, ?, ?, ?, ?, ?, ?, ?, ?, ?, ?, ?)
Hibernate: 
    select
        id 
    from
        contact 
    where
        ROWID = (
            select
                max(ROWID) 
            from
                contact
        )
Hibernate: 
    /* insert for
        org.hibernate.community.dialect.test.Contact */insert 
    into
        contact (company, create_date, create_time, email, first_name, job_title, last_contact_date, last_name, login, notes, password, photo_content_type, photo_url, title, website) 
    values
        (?, ?, ?, ?, ?, ?, ?, ?, ?, ?, ?, ?, ?, ?, ?)
Hibernate: 
    select
        id 
    from
        contact 
    where
        ROWID = (
            select
                max(ROWID) 
            from
                contact
        )
Hibernate: 
    /* insert for
        org.hibernate.community.dialect.test.Contact */insert 
    into
        contact (company, create_date, create_time, email, first_name, job_title, last_contact_date, last_name, login, notes, password, photo_content_type, photo_url, title, website) 
    values
        (?, ?, ?, ?, ?, ?, ?, ?, ?, ?, ?, ?, ?, ?, ?)
Hibernate: 
    select
        id 
    from
        contact 
    where
        ROWID = (
            select
                max(ROWID) 
            from
                contact
        )
Hibernate: 
    /* insert for
        org.hibernate.community.dialect.test.Contact */insert 
    into
        contact (company, create_date, create_time, email, first_name, job_title, last_contact_date, last_name, login, notes, password, photo_content_type, photo_url, title, website) 
    values
        (?, ?, ?, ?, ?, ?, ?, ?, ?, ?, ?, ?, ?, ?, ?)
Hibernate: 
    select
        id 
    from
        contact 
    where
        ROWID = (
            select
                max(ROWID) 
            from
                contact
        )
Hibernate: 
    /* insert for
        org.hibernate.community.dialect.test.Contact */insert 
    into
        contact (company, create_date, create_time, email, first_name, job_title, last_contact_date, last_name, login, notes, password, photo_content_type, photo_url, title, website) 
    values
        (?, ?, ?, ?, ?, ?, ?, ?, ?, ?, ?, ?, ?, ?, ?)
Hibernate: 
    select
        id 
    from
        contact 
    where
        ROWID = (
            select
                max(ROWID) 
            from
                contact
        )
Hibernate: 
    /* insert for
        org.hibernate.community.dialect.test.Contact */insert 
    into
        contact (company, create_date, create_time, email, first_name, job_title, last_contact_date, last_name, login, notes, password, photo_content_type, photo_url, title, website) 
    values
        (?, ?, ?, ?, ?, ?, ?, ?, ?, ?, ?, ?, ?, ?, ?)
Hibernate: 
    select
        id 
    from
        contact 
    where
        ROWID = (
            select
                max(ROWID) 
            from
                contact
        )
Hibernate: 
    /* insert for
        org.hibernate.community.dialect.test.Contact */insert 
    into
        contact (company, create_date, create_time, email, first_name, job_title, last_contact_date, last_name, login, notes, password, photo_content_type, photo_url, title, website) 
    values
        (?, ?, ?, ?, ?, ?, ?, ?, ?, ?, ?, ?, ?, ?, ?)
Hibernate: 
    select
        id 
    from
        contact 
    where
        ROWID = (
            select
                max(ROWID) 
            from
                contact
        )
Hibernate: 
    /* insert for
        org.hibernate.community.dialect.test.Contact */insert 
    into
        contact (company, create_date, create_time, email, first_name, job_title, last_contact_date, last_name, login, notes, password, photo_content_type, photo_url, title, website) 
    values
        (?, ?, ?, ?, ?, ?, ?, ?, ?, ?, ?, ?, ?, ?, ?)
Hibernate: 
    select
        id 
    from
        contact 
    where
        ROWID = (
            select
                max(ROWID) 
            from
                contact
        )
Hibernate: 
    /* SELECT
        c.email 
    FROM
        Contact c 
    ORDER BY
        c.email DESC 
    FETCH
        FIRST 5 ROWS ONLY */ select
            c1_0.email 
        from
            contact c1_0 
        order by
            c1_0.email desc 
        fetch
            first 5 rows only
Hibernate: 
    /* DELETE 
    FROM
        Contact c 
    WHERE
        c.email LIKE 'user%@test.com' */ delete 
    from
        contact 
    where
        email like 'user%@test.com'
]]></system-out>
    <system-err><![CDATA[Nov 27, 2025 8:05:23 PM org.hibernate.engine.internal.StatisticalLoggingSessionEventListener end
INFO: Session Metrics {
    108783250 nanoseconds spent acquiring 4 JDBC connections;
    112298917 nanoseconds spent releasing 4 JDBC connections;
    704443166 nanoseconds spent preparing 23 JDBC statements;
    1255150500 nanoseconds spent executing 23 JDBC statements;
    0 nanoseconds spent executing 0 JDBC batches;
    0 nanoseconds spent performing 0 L2C puts;
    0 nanoseconds spent performing 0 L2C hits;
    0 nanoseconds spent performing 0 L2C misses;
    1193460 nanoseconds spent executing 5 flushes (flushing a total of 50 entities and 0 collections);
    28606256939334 nanoseconds spent executing 1 pre-partial-flushes;
    515834 nanoseconds spent executing 3 partial-flushes (flushing a total of 20 entities and 20 collections)
}
]]></system-err>
  </testcase>
  <testcase name="testPaginationEdgeCases" classname="org.hibernate.community.dialect.test.PaginationTest" time="0.0">
    <skipped message="void org.hibernate.community.dialect.test.PaginationTest.testPaginationEdgeCases() is @Disabled"/>
  </testcase>
  <testcase name="testSequentialPagination" classname="org.hibernate.community.dialect.test.PaginationTest" time="0.0">
    <skipped message="void org.hibernate.community.dialect.test.PaginationTest.testSequentialPagination() is @Disabled"/>
  </testcase>
  <testcase name="testFileMakerSqlPaginationEdgeCases" classname="org.hibernate.community.dialect.test.PaginationTest" time="4.463">
    <system-out><![CDATA[Hibernate: 
    /* DELETE 
    FROM
        Contact c 
    WHERE
        c.email LIKE 'user%@test.com' */ delete 
    from
        contact 
    where
        email like 'user%@test.com'
Hibernate: 
    /* insert for
        org.hibernate.community.dialect.test.Contact */insert 
    into
        contact (company, create_date, create_time, email, first_name, job_title, last_contact_date, last_name, login, notes, password, photo_content_type, photo_url, title, website) 
    values
        (?, ?, ?, ?, ?, ?, ?, ?, ?, ?, ?, ?, ?, ?, ?)
Hibernate: 
    select
        id 
    from
        contact 
    where
        ROWID = (
            select
                max(ROWID) 
            from
                contact
        )
Hibernate: 
    /* insert for
        org.hibernate.community.dialect.test.Contact */insert 
    into
        contact (company, create_date, create_time, email, first_name, job_title, last_contact_date, last_name, login, notes, password, photo_content_type, photo_url, title, website) 
    values
        (?, ?, ?, ?, ?, ?, ?, ?, ?, ?, ?, ?, ?, ?, ?)
Hibernate: 
    select
        id 
    from
        contact 
    where
        ROWID = (
            select
                max(ROWID) 
            from
                contact
        )
Hibernate: 
    /* insert for
        org.hibernate.community.dialect.test.Contact */insert 
    into
        contact (company, create_date, create_time, email, first_name, job_title, last_contact_date, last_name, login, notes, password, photo_content_type, photo_url, title, website) 
    values
        (?, ?, ?, ?, ?, ?, ?, ?, ?, ?, ?, ?, ?, ?, ?)
Hibernate: 
    select
        id 
    from
        contact 
    where
        ROWID = (
            select
                max(ROWID) 
            from
                contact
        )
Hibernate: 
    /* insert for
        org.hibernate.community.dialect.test.Contact */insert 
    into
        contact (company, create_date, create_time, email, first_name, job_title, last_contact_date, last_name, login, notes, password, photo_content_type, photo_url, title, website) 
    values
        (?, ?, ?, ?, ?, ?, ?, ?, ?, ?, ?, ?, ?, ?, ?)
Hibernate: 
    select
        id 
    from
        contact 
    where
        ROWID = (
            select
                max(ROWID) 
            from
                contact
        )
Hibernate: 
    /* insert for
        org.hibernate.community.dialect.test.Contact */insert 
    into
        contact (company, create_date, create_time, email, first_name, job_title, last_contact_date, last_name, login, notes, password, photo_content_type, photo_url, title, website) 
    values
        (?, ?, ?, ?, ?, ?, ?, ?, ?, ?, ?, ?, ?, ?, ?)
Hibernate: 
    select
        id 
    from
        contact 
    where
        ROWID = (
            select
                max(ROWID) 
            from
                contact
        )
Hibernate: 
    /* insert for
        org.hibernate.community.dialect.test.Contact */insert 
    into
        contact (company, create_date, create_time, email, first_name, job_title, last_contact_date, last_name, login, notes, password, photo_content_type, photo_url, title, website) 
    values
        (?, ?, ?, ?, ?, ?, ?, ?, ?, ?, ?, ?, ?, ?, ?)
Hibernate: 
    select
        id 
    from
        contact 
    where
        ROWID = (
            select
                max(ROWID) 
            from
                contact
        )
Hibernate: 
    /* insert for
        org.hibernate.community.dialect.test.Contact */insert 
    into
        contact (company, create_date, create_time, email, first_name, job_title, last_contact_date, last_name, login, notes, password, photo_content_type, photo_url, title, website) 
    values
        (?, ?, ?, ?, ?, ?, ?, ?, ?, ?, ?, ?, ?, ?, ?)
Hibernate: 
    select
        id 
    from
        contact 
    where
        ROWID = (
            select
                max(ROWID) 
            from
                contact
        )
Hibernate: 
    /* insert for
        org.hibernate.community.dialect.test.Contact */insert 
    into
        contact (company, create_date, create_time, email, first_name, job_title, last_contact_date, last_name, login, notes, password, photo_content_type, photo_url, title, website) 
    values
        (?, ?, ?, ?, ?, ?, ?, ?, ?, ?, ?, ?, ?, ?, ?)
Hibernate: 
    select
        id 
    from
        contact 
    where
        ROWID = (
            select
                max(ROWID) 
            from
                contact
        )
Hibernate: 
    /* insert for
        org.hibernate.community.dialect.test.Contact */insert 
    into
        contact (company, create_date, create_time, email, first_name, job_title, last_contact_date, last_name, login, notes, password, photo_content_type, photo_url, title, website) 
    values
        (?, ?, ?, ?, ?, ?, ?, ?, ?, ?, ?, ?, ?, ?, ?)
Hibernate: 
    select
        id 
    from
        contact 
    where
        ROWID = (
            select
                max(ROWID) 
            from
                contact
        )
Hibernate: 
    /* insert for
        org.hibernate.community.dialect.test.Contact */insert 
    into
        contact (company, create_date, create_time, email, first_name, job_title, last_contact_date, last_name, login, notes, password, photo_content_type, photo_url, title, website) 
    values
        (?, ?, ?, ?, ?, ?, ?, ?, ?, ?, ?, ?, ?, ?, ?)
Hibernate: 
    select
        id 
    from
        contact 
    where
        ROWID = (
            select
                max(ROWID) 
            from
                contact
        )
Hibernate: 
    /* SELECT
        COUNT(c) 
    FROM
        Contact c 
    WHERE
        c.email LIKE 'user%@test.com' */ select
            count(c1_0.id) 
        from
            contact c1_0 
        where
            c1_0.email like 'user%@test.com'
Hibernate: 
    /* SELECT
        c.email 
    FROM
        Contact c 
    WHERE
        c.email LIKE 'user%@test.com' 
    ORDER BY
        c.id 
    OFFSET
        0 ROWS */ select
            c1_0.email 
        from
            contact c1_0 
        where
            c1_0.email like 'user%@test.com' 
        order by
            c1_0.id 
        offset
            0 rows
Hibernate: 
    /* SELECT
        c.email 
    FROM
        Contact c 
    WHERE
        c.email LIKE 'user%@test.com' 
    ORDER BY
        c.id 
    FETCH
        FIRST 100 PERCENT ROWS ONLY */ select
            c1_0.email 
        from
            contact c1_0 
        where
            c1_0.email like 'user%@test.com' 
        order by
            c1_0.id 
        fetch
            first 100 rows only
Hibernate: 
    /* SELECT
        c.email 
    FROM
        Contact c 
    WHERE
        c.email LIKE 'user%@test.com' 
    ORDER BY
        c.id 
    OFFSET
        3 ROWS 
    FETCH
        FIRST 3 ROWS ONLY */ select
            c1_0.email 
        from
            contact c1_0 
        where
            c1_0.email like 'user%@test.com' 
        order by
            c1_0.id 
        offset
            3 rows 
        fetch
            first 3 rows only
Hibernate: 
    /* DELETE 
    FROM
        Contact c 
    WHERE
        c.email LIKE 'user%@test.com' */ delete 
    from
        contact 
    where
        email like 'user%@test.com'
]]></system-out>
    <system-err><![CDATA[Nov 27, 2025 8:05:27 PM org.hibernate.engine.internal.StatisticalLoggingSessionEventListener end
INFO: Session Metrics {
    108106541 nanoseconds spent acquiring 4 JDBC connections;
    109778000 nanoseconds spent releasing 4 JDBC connections;
    802720377 nanoseconds spent preparing 26 JDBC statements;
    1332616750 nanoseconds spent executing 26 JDBC statements;
    0 nanoseconds spent executing 0 JDBC batches;
    0 nanoseconds spent performing 0 L2C puts;
    0 nanoseconds spent performing 0 L2C hits;
    0 nanoseconds spent performing 0 L2C misses;
    875166 nanoseconds spent executing 5 flushes (flushing a total of 50 entities and 0 collections);
    114441914997961 nanoseconds spent executing 4 pre-partial-flushes;
    1033751 nanoseconds spent executing 6 partial-flushes (flushing a total of 50 entities and 50 collections)
}
]]></system-err>
  </testcase>
</testsuite>